normal termination of xtb
normal termination of xtb
normal termination of xtb
normal termination of xtb
normal termination of xtb
normal termination of xtb
normal termination of xtb
normal termination of xtb
normal termination of xtb
normal termination of xtb
normal termination of xtb
normal termination of xtb
normal termination of xtb
normal termination of xtb
normal termination of xtb
normal termination of xtb
normal termination of xtb
normal termination of xtb
normal termination of xtb
normal termination of xtb
normal termination of xtb
normal termination of xtb
normal termination of xtb
normal termination of xtb
normal termination of xtb
normal termination of xtb
normal termination of xtb
normal termination of xtb
normal termination of xtb
normal termination of xtb
normal termination of xtb
normal termination of xtb
normal termination of xtb
normal termination of xtb
normal termination of xtb
normal termination of xtb
normal termination of xtb
normal termination of xtb
normal termination of xtb
normal termination of xtb
normal termination of xtb
normal termination of xtb
normal termination of xtb
normal termination of xtb
normal termination of xtb
normal termination of xtb
normal termination of xtb
normal termination of xtb
normal termination of xtb
normal termination of xtb
normal termination of xtb
normal termination of xtb
normal termination of xtb
normal termination of xtb
normal termination of xtb
normal termination of xtb
normal termination of xtb
normal termination of xtb
normal termination of xtb
normal termination of xtb
normal termination of xtb
normal termination of xtb
normal termination of xtb
normal termination of xtb
normal termination of xtb
normal termination of xtb
normal termination of xtb
normal termination of xtb
normal termination of xtb
normal termination of xtb
normal termination of xtb
normal termination of xtb
normal termination of xtb
normal termination of xtb
normal termination of xtb
normal termination of xtb
normal termination of xtb
normal termination of xtb
normal termination of xtb
normal termination of xtb
normal termination of xtb
normal termination of xtb
normal termination of xtb
normal termination of xtb
normal termination of xtb
normal termination of xtb
normal termination of xtb
normal termination of xtb
normal termination of xtb
normal termination of xtb
normal termination of xtb
normal termination of xtb
normal termination of xtb
normal termination of xtb
normal termination of xtb
normal termination of xtb
normal termination of xtb
normal termination of xtb
normal termination of xtb
normal termination of xtb
normal termination of xtb
normal termination of xtb
normal termination of xtb
normal termination of xtb
normal termination of xtb
normal termination of xtb
normal termination of xtb
normal termination of xtb
normal termination of xtb
normal termination of xtb
normal termination of xtb
normal termination of xtb
normal termination of xtb
normal termination of xtb
normal termination of xtb
normal termination of xtb
normal termination of xtb
normal termination of xtb
normal termination of xtb
normal termination of xtb
normal termination of xtb
normal termination of xtb
normal termination of xtb
normal termination of xtb
normal termination of xtb
normal termination of xtb
normal termination of xtb
normal termination of xtb
normal termination of xtb
normal termination of xtb
normal termination of xtb
normal termination of xtb
normal termination of xtb
normal termination of xtb
normal termination of xtb
normal termination of xtb
normal termination of xtb
normal termination of xtb
normal termination of xtb
normal termination of xtb
normal termination of xtb
normal termination of xtb
normal termination of xtb
normal termination of xtb
normal termination of xtb
normal termination of xtb
normal termination of xtb
normal termination of xtb
normal termination of xtb
normal termination of xtb
normal termination of xtb
normal termination of xtb
normal termination of xtb
normal termination of xtb
normal termination of xtb
normal termination of xtb
normal termination of xtb
normal termination of xtb
normal termination of xtb
normal termination of xtb
normal termination of xtb
normal termination of xtb
normal termination of xtb
normal termination of xtb
normal termination of xtb
normal termination of xtb
normal termination of xtb
normal termination of xtb
normal termination of xtb
normal termination of xtb
normal termination of xtb
normal termination of xtb
normal termination of xtb
normal termination of xtb
normal termination of xtb
normal termination of xtb
normal termination of xtb
normal termination of xtb
normal termination of xtb
normal termination of xtb
normal termination of xtb
normal termination of xtb
normal termination of xtb
normal termination of xtb
normal termination of xtb
normal termination of xtb
normal termination of xtb
normal termination of xtb
normal termination of xtb
normal termination of xtb
normal termination of xtb
normal termination of xtb
normal termination of xtb
normal termination of xtb
normal termination of xtb
normal termination of xtb
normal termination of xtb
normal termination of xtb
normal termination of xtb
normal termination of xtb
normal termination of xtb
normal termination of xtb
normal termination of xtb
normal termination of xtb
normal termination of xtb
normal termination of xtb
normal termination of xtb
normal termination of xtb
normal termination of xtb
normal termination of xtb
normal termination of xtb
normal termination of xtb
normal termination of xtb
normal termination of xtb
normal termination of xtb
normal termination of xtb
normal termination of xtb
normal termination of xtb
normal termination of xtb
normal termination of xtb
normal termination of xtb
normal termination of xtb
normal termination of xtb
normal termination of xtb
normal termination of xtb
normal termination of xtb
normal termination of xtb
normal termination of xtb
normal termination of xtb
normal termination of xtb
normal termination of xtb
normal termination of xtb
normal termination of xtb
normal termination of xtb
normal termination of xtb
normal termination of xtb
normal termination of xtb
normal termination of xtb
normal termination of xtb
normal termination of xtb
normal termination of xtb
normal termination of xtb
normal termination of xtb
normal termination of xtb
normal termination of xtb
normal termination of xtb
normal termination of xtb
normal termination of xtb
normal termination of xtb
normal termination of xtb
normal termination of xtb
normal termination of xtb

Start LAQA conforation searh job at  2021-02-23 01:31:01.238337 


Start 3D structure initialization job at  2021-02-23 01:31:01.238359 

Setting a default value for energy_var: 0.001
Setting a default value for selection: roulette_wheel
Setting a default value for fitness_sum_limit: 1.2
Setting a default value for prob_for_crossing: 1.0
Setting a default value for max_iter: 30
Setting a default value for iter_limit_conv: 20
Setting a default value for energy_diff_conv: 0.001
Setting a default value for cnt_max: 500
Setting a default value for force_field: mmff94
Setting a default value for energy_tol: -5.0
Setting a default value for force_tol: 0.0001
Setting a default value for alpb: None
Setting a default value for gauss_exedir: ~/bin/g16
Setting a default value for gauss_scrdir: /data/group1/z43901k/work/laqa/laqa/newcode/examples/laqa_confopt/ala-dip-100_gfnff_gfn2-xtb
Setting a default value for qcmethod: pm6
Setting a default value for solvmethod: None
Setting a default value for solvent: water
Setting a default value for charge: 0
Setting a default value for mult: 1
Setting a default value for nprocs: 1
Setting a default value for memory: 2GB
Setting a default value for sdf_out: initial_structures.sdf
Setting a default value for printlevel: 0
params:  {'popsize': 100, 'cntmax': 300, 'seed': 0, 'optsteps': 100, 'energy_function': 'xtb', 'xtb_call': '/home/z43901k/data/bin/xtb/6.4.0/bin/xtb', 'gfn': 'ff', 'energy_var': 0.001, 'selection': 'roulette_wheel', 'fitness_sum_limit': 1.2, 'prob_for_crossing': 1.0, 'max_iter': 30, 'iter_limit_conv': 20, 'energy_diff_conv': 0.001, 'cnt_max': 500, 'force_field': 'mmff94', 'energy_tol': -5.0, 'force_tol': 0.0001, 'alpb': None, 'gauss_exedir': '~/bin/g16', 'gauss_scrdir': '/data/group1/z43901k/work/laqa/laqa/newcode/examples/laqa_confopt/ala-dip-100_gfnff_gfn2-xtb', 'qcmethod': 'pm6', 'solvmethod': None, 'solvent': 'water', 'charge': 0, 'mult': 1, 'nprocs': 1, 'memory': '2GB', 'sdf_out': 'initial_structures.sdf', 'printlevel': 0}
Local optimization will be performed with xTB.
energy_function:  xtb
popsize: 100 cnt_max:  500 seed  0
Setting a default value for rmsd_type: cartesian
Setting a default value for distance_cutoff_1: 1.3
Setting a default value for distance_cutoff_2: 2.15
Setting a default value for rmsd_cutoff_uniq: 0.2
Setting a default value for chiral: True
Setting a default value for optimize_torsion: True
Setting a default value for smarts_torsion: [*]~[!$(*#*)&!D1]-&!@[!$(*#*)&!D1]~[*]
SMILES:  CC(=O)N[C@H](C(=O)NC)C
distance_cutoff_1:  1.3
distance_cutoff_2:  2.15
Number of atoms:  22
Number of bonds:  21
Number of identified torsion: 4
Identified  torsion: [(1, 3, 4, 9), (2, 1, 3, 4), (6, 5, 7, 8), (7, 5, 4, 9)]

___Initialization of 3D structures ___


----- New trial:      1 -----

Geometry of Structure 1 is added to the population, energy: -98.73192
Structure 1
Values of torsion before: [18.0, 36.0, -159.0, -47.0] and after local opt: [60.8, 5.94, 173.69, -97.1]

----- New trial:      2 -----

Geometry of Structure 2 is added to the population, energy: -98.84517
Structure 2
Values of torsion before: [82.0, 69.0, 28.0, -24.0] and after local opt: [61.67, 5.65, 0.03, -96.09]

----- New trial:      3 -----

Geometry of Structure 3 is added to the population, energy: -98.73351
Structure 3
Values of torsion before: [65.0, 4.0, 119.0, -68.0] and after local opt: [61.72, 6.44, 175.91, -98.5]

----- New trial:      4 -----

Geometry of Structure 4 is added to the population, energy: -98.64843
Structure 4
Values of torsion before: [79.0, -108.0, -35.0, -108.0] and after local opt: [84.22, -169.49, -0.84, -124.38]

----- New trial:      5 -----

Geometry of Structure 5 is invalid.

----- New trial:      6 -----

Geometry of Structure 6 is added to the population, energy: -98.62793
Structure 6
Values of torsion before: [129.0, -104.0, -21.0, -129.0] and after local opt: [163.87, 172.04, -5.04, -122.42]

----- New trial:      7 -----

Geometry of Structure 7 is added to the population, energy: -98.72249
Structure 7
Values of torsion before: [-142.0, 171.0, -10.0, 62.0] and after local opt: [170.46, 168.46, -4.17, 103.74]

----- New trial:      8 -----

Geometry of Structure 8 is added to the population, energy: -98.70872
Structure 8
Values of torsion before: [106.99, -127.99, 2.0, 43.0] and after local opt: [175.71, 168.57, -7.31, 66.28]

----- New trial:      9 -----

Geometry of Structure 9 is added to the population, energy: -98.59075
Structure 9
Values of torsion before: [-17.99, 133.0, 148.0, -75.0] and after local opt: [-69.67, 172.64, 169.1, -169.42]

----- New trial:     10 -----

Geometry of Structure 10 is added to the population, energy: -98.80821
Structure 10
Values of torsion before: [103.0, 65.0, 47.0, 87.0] and after local opt: [71.99, 6.63, 5.03, 161.83]

----- New trial:     11 -----

Geometry of Structure 11 is invalid.

----- New trial:     12 -----

Geometry of Structure 12 is invalid.

----- New trial:     13 -----

Geometry of Structure 13 is added to the population, energy: -98.70879
Structure 13
Values of torsion before: [-179.0, 134.0, 73.0, -9.0] and after local opt: [174.55, 170.73, -7.82, 74.36]

----- New trial:     14 -----

Geometry of Structure 14 is added to the population, energy: -98.73481
Structure 14
Values of torsion before: [-55.0, -13.0, -147.0, -82.0] and after local opt: [64.23, 5.58, 176.4, -97.58]

----- New trial:     15 -----

Geometry of Structure 15 is added to the population, energy: -98.84145
Structure 15
Values of torsion before: [111.0, -66.0, -57.0, -107.0] and after local opt: [65.63, 6.52, -0.88, -117.32]

----- New trial:     16 -----

Geometry of Structure 16 is added to the population, energy: -98.74575
Structure 16
Values of torsion before: [99.0, 50.0, -133.0, -138.0] and after local opt: [73.23, 7.35, 172.43, -152.2]

----- New trial:     17 -----

Geometry of Structure 17 is added to the population, energy: -98.84307
Structure 17
Values of torsion before: [-16.01, 81.01, 71.0, -124.0] and after local opt: [60.02, 5.81, 4.69, -95.33]

----- New trial:     18 -----

Geometry of Structure 18 is added to the population, energy: -98.66614
Structure 18
Values of torsion before: [-25.0, 103.0, -30.0, -116.0] and after local opt: [-77.48, 168.11, -2.24, -162.74]

----- New trial:     19 -----

Geometry of Structure 19 is added to the population, energy: -98.73377
Structure 19
Values of torsion before: [101.0, -9.0, 97.0, -75.0] and after local opt: [66.5, 6.17, 176.37, -108.64]

----- New trial:     20 -----

Geometry of Structure 20 is added to the population, energy: -98.51225
Structure 20
Values of torsion before: [129.0, 101.0, 121.0, -32.0] and after local opt: [79.51, -169.1, 174.56, -101.1]

----- New trial:     21 -----

Geometry of Structure 21 is added to the population, energy: -98.59201
Structure 21
Values of torsion before: [48.0, -133.0, 126.0, 18.0] and after local opt: [171.27, -175.78, -176.17, 79.68]

----- New trial:     22 -----

Geometry of Structure 22 is added to the population, energy: -98.65819
Structure 22
Values of torsion before: [-17.0, 115.0, -56.0, -31.0] and after local opt: [-71.31, 166.81, -2.56, -158.77]

----- New trial:     23 -----

Geometry of Structure 23 is added to the population, energy: -98.85750
Structure 23
Values of torsion before: [-85.0, -83.0, -84.0, -163.0] and after local opt: [-46.54, 3.92, 3.74, 75.89]

----- New trial:     24 -----

Geometry of Structure 24 is added to the population, energy: -98.70933
Structure 24
Values of torsion before: [134.0, 157.0, -46.0, 64.0] and after local opt: [172.56, 172.38, -6.89, 64.37]

----- New trial:     25 -----

Geometry of Structure 25 is added to the population, energy: -98.60031
Structure 25
Values of torsion before: [-144.0, -133.99, 168.0, -113.0] and after local opt: [-80.32, 171.49, 176.17, -170.21]

----- New trial:     26 -----

Geometry of Structure 26 is added to the population, energy: -98.60018
Structure 26
Values of torsion before: [-102.99, -160.0, -138.0, 179.0] and after local opt: [-80.72, 171.61, 174.05, -169.58]

----- New trial:     27 -----

Geometry of Structure 27 is added to the population, energy: -98.61257
Structure 27
Values of torsion before: [97.0, 170.0, 21.0, 89.0] and after local opt: [84.55, -175.9, 4.58, 79.87]

----- New trial:     28 -----

Geometry of Structure 28 is added to the population, energy: -98.84068
Structure 28
Values of torsion before: [-38.0, 88.0, -59.0, -69.0] and after local opt: [61.95, 6.37, -2.93, -96.58]

----- New trial:     29 -----

Geometry of Structure 29 is added to the population, energy: -98.69112
Structure 29
Values of torsion before: [168.0, 122.0, 35.0, 117.0] and after local opt: [166.2, 136.15, 1.94, 132.84]

----- New trial:     30 -----

Geometry of Structure 30 is added to the population, energy: -98.85900
Structure 30
Values of torsion before: [-39.0, 51.0, 73.0, 159.0] and after local opt: [-46.85, 4.36, 1.86, 73.73]

----- New trial:     31 -----

Geometry of Structure 31 is added to the population, energy: -98.62701
Structure 31
Values of torsion before: [148.99, 179.0, 3.0, -137.0] and after local opt: [159.88, 172.52, -4.96, -123.2]

----- New trial:     32 -----

Geometry of Structure 32 is added to the population, energy: -98.60014
Structure 32
Values of torsion before: [-13.0, 134.0, -120.0, 70.0] and after local opt: [-80.12, 173.62, 172.22, -170.31]

----- New trial:     33 -----

Geometry of Structure 33 is added to the population, energy: -98.65271
Structure 33
Values of torsion before: [121.0, 143.0, -8.0, -82.0] and after local opt: [85.03, -171.11, 6.5, -127.29]

----- New trial:     34 -----

Geometry of Structure 34 is added to the population, energy: -98.66064
Structure 34
Values of torsion before: [-55.0, -171.0, -41.0, -120.0] and after local opt: [-67.34, 172.03, 0.06, -163.28]

----- New trial:     35 -----

Geometry of Structure 35 is added to the population, energy: -98.63983
Structure 35
Values of torsion before: [-67.0, 10.99, -92.0, -9.0] and after local opt: [-15.93, -4.73, 171.35, 71.45]

----- New trial:     36 -----

Geometry of Structure 36 is added to the population, energy: -98.51290
Structure 36
Values of torsion before: [39.0, -148.0, -128.0, -105.0] and after local opt: [86.25, -177.1, 175.78, -101.88]

----- New trial:     37 -----

Geometry of Structure 37 is invalid.

----- New trial:     38 -----

Geometry of Structure 38 is invalid.

----- New trial:     39 -----

Geometry of Structure 39 is invalid.

----- New trial:     40 -----

Geometry of Structure 40 is added to the population, energy: -98.59951
Structure 40
Values of torsion before: [-83.0, 131.0, 115.0, -118.0] and after local opt: [-80.62, 173.16, 168.63, -169.41]

----- New trial:     41 -----

Geometry of Structure 41 is added to the population, energy: -98.65280
Structure 41
Values of torsion before: [21.0, -133.0, 10.0, -120.0] and after local opt: [86.46, -171.82, 6.34, -126.95]

----- New trial:     42 -----

Geometry of Structure 42 is added to the population, energy: -98.49511
Structure 42
Values of torsion before: [-161.0, 131.0, -168.0, -80.0] and after local opt: [-167.27, -170.07, -174.52, -103.41]

----- New trial:     43 -----

Geometry of Structure 43 is added to the population, energy: -98.66685
Structure 43
Values of torsion before: [-85.0, -116.0, 66.0, -72.0] and after local opt: [-66.63, 170.27, -1.37, -162.09]

----- New trial:     44 -----

Geometry of Structure 44 is invalid.

----- New trial:     45 -----

Geometry of Structure 45 is added to the population, energy: -98.51045
Structure 45
Values of torsion before: [37.99, 138.01, -128.0, -46.0] and after local opt: [72.42, -167.12, 177.03, -102.81]

----- New trial:     46 -----

Geometry of Structure 46 is invalid.

----- New trial:     47 -----

Geometry of Structure 47 is added to the population, energy: -98.84281
Structure 47
Values of torsion before: [-25.0, 0.0, 44.0, -87.0] and after local opt: [63.57, 5.13, 3.97, -95.95]

----- New trial:     48 -----

Geometry of Structure 48 is added to the population, energy: -98.85664
Structure 48
Values of torsion before: [-148.0, 78.01, 60.0, -159.0] and after local opt: [-47.22, 4.78, 2.83, 73.11]

----- New trial:     49 -----

Geometry of Structure 49 is added to the population, energy: -98.60298
Structure 49
Values of torsion before: [126.0, -128.0, 179.0, 21.0] and after local opt: [171.48, 177.19, -170.65, 81.96]

----- New trial:     50 -----

Geometry of Structure 50 is added to the population, energy: -98.85751
Structure 50
Values of torsion before: [-77.0, -46.0, 4.0, 61.0] and after local opt: [-47.28, 5.29, -6.27, 67.53]

----- New trial:     51 -----

Geometry of Structure 51 is invalid.

----- New trial:     52 -----

Geometry of Structure 52 is added to the population, energy: -98.58950
Structure 52
Values of torsion before: [-75.0, -150.0, 167.0, -98.0] and after local opt: [-70.37, 171.96, 173.3, -170.47]

----- New trial:     53 -----

Geometry of Structure 53 is added to the population, energy: -98.85732
Structure 53
Values of torsion before: [-97.0, -4.0, 92.0, -51.0] and after local opt: [-47.27, 5.32, -3.09, 68.92]

----- New trial:     54 -----

Geometry of Structure 54 is invalid.

----- New trial:     55 -----

Geometry of Structure 55 is added to the population, energy: -98.67417
Structure 55
Values of torsion before: [-90.0, -173.0, 62.0, 169.0] and after local opt: [-67.02, 172.55, 6.16, -166.23]

----- New trial:     56 -----

Geometry of Structure 56 is added to the population, energy: -98.63841
Structure 56
Values of torsion before: [30.0, 111.99, 81.0, -20.0] and after local opt: [72.53, -167.19, -3.16, -98.32]

----- New trial:     57 -----

Geometry of Structure 57 is added to the population, energy: -98.87587
Structure 57
Values of torsion before: [153.0, 3.0, 19.0, 157.0] and after local opt: [154.79, -7.37, 7.99, -161.5]

----- New trial:     58 -----

Geometry of Structure 58 is added to the population, energy: -98.44109
Structure 58
Values of torsion before: [-51.0, -101.0, 108.0, 174.0] and after local opt: [68.96, 171.02, 162.81, 80.27]

----- New trial:     59 -----

Geometry of Structure 59 is added to the population, energy: -98.76343
Structure 59
Values of torsion before: [-173.0, 55.0, -139.0, -8.0] and after local opt: [123.19, -0.73, 170.31, -150.05]

----- New trial:     60 -----

Geometry of Structure 60 is added to the population, energy: -98.62672
Structure 60
Values of torsion before: [-156.0, 99.0, -36.0, -110.0] and after local opt: [164.64, 170.82, -4.27, -120.92]

----- New trial:     61 -----

Geometry of Structure 61 is added to the population, energy: -98.85887
Structure 61
Values of torsion before: [-56.99, 66.99, 1.0, 133.0] and after local opt: [-46.7, 4.69, 3.86, 74.26]

----- New trial:     62 -----

Geometry of Structure 62 is added to the population, energy: -98.65716
Structure 62
Values of torsion before: [-32.0, 165.0, 4.0, 123.0] and after local opt: [-66.7, 172.09, -0.53, 162.09]

----- New trial:     63 -----

Geometry of Structure 63 is added to the population, energy: -98.60327
Structure 63
Values of torsion before: [145.0, 138.0, -112.0, -21.0] and after local opt: [174.65, 173.8, -169.77, 80.93]

----- New trial:     64 -----

Geometry of Structure 64 is added to the population, energy: -98.73849
Structure 64
Values of torsion before: [18.99, 33.0, 154.0, -138.0] and after local opt: [71.49, 7.97, 172.44, -146.34]

----- New trial:     65 -----

Geometry of Structure 65 is added to the population, energy: -98.71976
Structure 65
Values of torsion before: [-179.0, 125.0, -81.0, 178.0] and after local opt: [166.69, 171.3, 3.36, 112.95]

----- New trial:     66 -----

Geometry of Structure 66 is added to the population, energy: -98.63929
Structure 66
Values of torsion before: [-8.0, -98.0, -57.0, -65.0] and after local opt: [73.77, -165.68, -2.49, -100.94]

----- New trial:     67 -----

Geometry of Structure 67 is added to the population, energy: -98.87609
Structure 67
Values of torsion before: [147.0, 49.99, 14.0, 165.0] and after local opt: [154.95, -7.3, 7.38, -160.82]

----- New trial:     68 -----

Geometry of Structure 68 is invalid.

----- New trial:     69 -----

Geometry of Structure 69 is added to the population, energy: -98.72050
Structure 69
Values of torsion before: [-180.0, 110.99, 35.0, 160.0] and after local opt: [167.53, 171.02, 0.44, 111.77]

----- New trial:     70 -----

Geometry of Structure 70 is added to the population, energy: -98.67887
Structure 70
Values of torsion before: [-156.0, -94.99, 49.0, -147.0] and after local opt: [-79.92, 172.69, 4.67, -163.1]

----- New trial:     71 -----

Geometry of Structure 71 is added to the population, energy: -98.59151
Structure 71
Values of torsion before: [-47.0, -180.0, -99.0, 49.0] and after local opt: [-71.37, 175.22, 169.19, -173.5]

----- New trial:     72 -----

Geometry of Structure 72 is added to the population, energy: -98.77812
Structure 72
Values of torsion before: [91.0, 70.0, 108.0, 130.0] and after local opt: [137.05, -8.16, 171.17, -139.71]

----- New trial:     73 -----

Geometry of Structure 73 is added to the population, energy: -98.72228
Structure 73
Values of torsion before: [-179.0, -160.0, 74.0, -13.0] and after local opt: [170.19, 168.48, -5.68, 103.19]

----- New trial:     74 -----

Geometry of Structure 74 is invalid.

----- New trial:     75 -----

Geometry of Structure 75 is added to the population, energy: -98.59981
Structure 75
Values of torsion before: [-83.0, 101.0, 145.0, -137.0] and after local opt: [-79.63, 169.3, 176.63, -168.89]

----- New trial:     76 -----

Geometry of Structure 76 is invalid.

----- New trial:     77 -----

Geometry of Structure 77 is added to the population, energy: -98.72894
Structure 77
Values of torsion before: [33.99, -17.99, -178.0, -70.0] and after local opt: [62.24, 5.72, 177.12, -97.43]

----- New trial:     78 -----

Geometry of Structure 78 is added to the population, energy: -98.60219
Structure 78
Values of torsion before: [-172.0, -178.01, 166.0, 91.0] and after local opt: [176.97, 172.49, -170.17, 80.6]

----- New trial:     79 -----

Geometry of Structure 79 is added to the population, energy: -98.62784
Structure 79
Values of torsion before: [134.0, -129.0, -82.0, -119.0] and after local opt: [162.39, 172.66, -4.53, -121.76]

----- New trial:     80 -----

Geometry of Structure 80 is added to the population, energy: -98.65252
Structure 80
Values of torsion before: [132.0, 153.0, -78.0, -25.0] and after local opt: [85.71, -171.41, 6.11, -127.19]

----- New trial:     81 -----

Geometry of Structure 81 is added to the population, energy: -98.67408
Structure 81
Values of torsion before: [-36.0, 173.0, -86.0, -128.0] and after local opt: [-67.06, 172.4, 6.41, -164.4]

----- New trial:     82 -----

Geometry of Structure 82 is added to the population, energy: -98.74599
Structure 82
Values of torsion before: [64.01, 23.99, 142.0, -138.0] and after local opt: [74.93, 7.25, 177.13, -157.92]

----- New trial:     83 -----

Geometry of Structure 83 is added to the population, energy: -98.87695
Structure 83
Values of torsion before: [-168.0, -39.0, 52.0, -120.0] and after local opt: [154.57, -6.47, 8.53, -162.53]

----- New trial:     84 -----

Geometry of Structure 84 is invalid.

----- New trial:     85 -----

Geometry of Structure 85 is added to the population, energy: -98.61753
Structure 85
Values of torsion before: [154.0, 151.0, -2.0, -121.0] and after local opt: [151.77, 169.08, 1.82, -125.54]

----- New trial:     86 -----

Geometry of Structure 86 is added to the population, energy: -98.77941
Structure 86
Values of torsion before: [-100.0, -37.0, -170.0, -158.0] and after local opt: [137.49, -8.32, 173.32, -139.91]

----- New trial:     87 -----

Geometry of Structure 87 is invalid.

----- New trial:     88 -----

Geometry of Structure 88 is added to the population, energy: -98.80821
Structure 88
Values of torsion before: [106.0, -18.0, 8.0, 111.0] and after local opt: [71.15, 6.59, -3.68, 157.12]

----- New trial:     89 -----

Geometry of Structure 89 is invalid.

----- New trial:     90 -----

Geometry of Structure 90 is added to the population, energy: -98.67118
Structure 90
Values of torsion before: [74.0, 150.0, 55.0, 148.0] and after local opt: [92.27, -169.44, 4.63, 151.46]

----- New trial:     91 -----

Geometry of Structure 91 is added to the population, energy: -98.74576
Structure 91
Values of torsion before: [43.01, 11.0, 96.0, -88.0] and after local opt: [72.34, 8.04, 173.42, -154.78]

----- New trial:     92 -----

Geometry of Structure 92 is added to the population, energy: -98.73466
Structure 92
Values of torsion before: [-72.99, 12.99, 121.0, -30.0] and after local opt: [61.87, 6.08, 175.3, -97.65]

----- New trial:     93 -----

Geometry of Structure 93 is invalid.

----- New trial:     94 -----

Geometry of Structure 94 is added to the population, energy: -98.84714
Structure 94
Values of torsion before: [-9.0, -7.0, 9.0, -132.0] and after local opt: [66.53, 6.07, 6.65, -121.54]

----- New trial:     95 -----

Geometry of Structure 95 is added to the population, energy: -98.59092
Structure 95
Values of torsion before: [-6.01, 138.0, -161.0, -158.0] and after local opt: [-69.52, 172.94, 168.33, -169.78]

----- New trial:     96 -----

Geometry of Structure 96 is added to the population, energy: -98.59101
Structure 96
Values of torsion before: [-41.0, -96.0, -103.0, 119.0] and after local opt: [-70.26, 175.77, 167.51, -170.77]

----- New trial:     97 -----

Geometry of Structure 97 is added to the population, energy: -98.85918
Structure 97
Values of torsion before: [-31.0, 5.0, 23.0, 101.0] and after local opt: [-46.44, 3.93, 4.98, 74.83]

----- New trial:     98 -----

Geometry of Structure 98 is invalid.

----- New trial:     99 -----

Geometry of Structure 99 is added to the population, energy: -98.67407
Structure 99
Values of torsion before: [-56.99, -155.0, -22.0, -88.0] and after local opt: [-67.03, 171.23, 5.16, -163.41]

----- New trial:    100 -----

Geometry of Structure 100 is added to the population, energy: -98.60706
Structure 100
Values of torsion before: [88.0, -143.0, -25.0, 27.0] and after local opt: [88.87, -171.14, -7.08, 70.59]

----- New trial:    101 -----

Geometry of Structure 101 is added to the population, energy: -98.84639
Structure 101
Values of torsion before: [-10.99, -26.01, 33.0, -124.0] and after local opt: [69.69, 5.35, 5.71, -121.43]

----- New trial:    102 -----

Geometry of Structure 102 is added to the population, energy: -98.71921
Structure 102
Values of torsion before: [-129.0, 108.0, 67.0, 63.0] and after local opt: [169.49, 170.7, 2.16, 108.9]

----- New trial:    103 -----

Geometry of Structure 103 is added to the population, energy: -98.65564
Structure 103
Values of torsion before: [-7.01, -4.0, -116.0, 66.0] and after local opt: [-18.09, -5.29, -173.43, 80.57]

----- New trial:    104 -----

Geometry of Structure 104 is invalid.

----- New trial:    105 -----

Geometry of Structure 105 is invalid.

----- New trial:    106 -----

Geometry of Structure 106 is invalid.

----- New trial:    107 -----

Geometry of Structure 107 is added to the population, energy: -98.59013
Structure 107
Values of torsion before: [13.0, 148.0, -135.0, -146.0] and after local opt: [-70.59, 171.2, 170.47, -169.38]

----- New trial:    108 -----

Geometry of Structure 108 is added to the population, energy: -98.87651
Structure 108
Values of torsion before: [-136.0, -78.0, -66.0, -148.0] and after local opt: [154.33, -7.52, 8.49, -162.64]

----- New trial:    109 -----

Geometry of Structure 109 is invalid.

----- New trial:    110 -----

Geometry of Structure 110 is added to the population, energy: -98.78702
Structure 110
Values of torsion before: [105.0, 86.0, -31.0, 50.0] and after local opt: [55.54, -8.99, -2.78, 80.48]

----- New trial:    111 -----

Geometry of Structure 111 is added to the population, energy: -98.51137
Structure 111
Values of torsion before: [71.01, 119.99, 168.0, -68.0] and after local opt: [76.36, -167.93, 176.4, -103.34]

----- New trial:    112 -----

Geometry of Structure 112 is added to the population, energy: -98.63768
Structure 112
Values of torsion before: [36.99, -137.0, 9.0, -67.0] and after local opt: [71.97, -169.37, 7.33, -101.55]

----- New trial:    113 -----

Geometry of Structure 113 is invalid.

----- New trial:    114 -----

Geometry of Structure 114 is added to the population, energy: -98.74526
Structure 114
Values of torsion before: [-81.0, 4.0, -121.0, -147.0] and after local opt: [74.22, 7.25, 173.44, -154.55]

----- New trial:    115 -----

Geometry of Structure 115 is added to the population, energy: -98.72219
Structure 115
Values of torsion before: [180.0, -165.0, 90.0, 52.0] and after local opt: [171.69, 165.99, -5.57, 104.3]

----- New trial:    116 -----

Geometry of Structure 116 is invalid.

----- New trial:    117 -----

Geometry of Structure 117 is added to the population, energy: -98.78013
Structure 117
Values of torsion before: [23.99, -48.0, -73.0, 149.0] and after local opt: [56.09, -8.98, 3.04, 94.4]

----- New trial:    118 -----

Geometry of Structure 118 is added to the population, energy: -98.77551
Structure 118
Values of torsion before: [-158.0, -69.01, 140.0, -105.0] and after local opt: [135.49, -8.18, 172.21, -141.48]

----- New trial:    119 -----

Geometry of Structure 119 is added to the population, energy: -98.80789
Structure 119
Values of torsion before: [-126.0, -78.0, 55.0, 14.0] and after local opt: [75.84, 7.4, -3.95, 155.04]

----- New trial:    120 -----

Geometry of Structure 120 is added to the population, energy: -98.58949
Structure 120
Values of torsion before: [6.0, 100.0, -102.0, -126.0] and after local opt: [-70.93, 170.91, 171.18, -168.1]

----- New trial:    121 -----

Geometry of Structure 121 is added to the population, energy: -98.77808
Structure 121
Values of torsion before: [126.0, 70.0, -104.0, 109.0] and after local opt: [134.81, -7.71, 173.9, -142.37]

----- New trial:    122 -----

Geometry of Structure 122 is invalid.

----- New trial:    123 -----

Geometry of Structure 123 is added to the population, energy: -98.73492
Structure 123
Values of torsion before: [87.0, 73.99, 168.0, -14.0] and after local opt: [63.98, 6.04, 176.44, -97.07]

----- New trial:    124 -----

Geometry of Structure 124 is added to the population, energy: -98.77677
Structure 124
Values of torsion before: [76.0, 75.99, 146.0, 164.0] and after local opt: [134.51, -7.7, 172.84, -141.52]

----- New trial:    125 -----

Geometry of Structure 125 is added to the population, energy: -98.60023
Structure 125
Values of torsion before: [-76.0, 98.0, 133.0, -67.0] and after local opt: [-79.6, 170.17, 175.66, -168.86]

___Initialization of 3D structure completed___

Total number of population (vaid structures):  100

Initial population before sorting:
ID    Energy [eV]
    1           -98.731917
    2           -98.845171
    3           -98.733512
    4           -98.648433
    6           -98.627930
    7           -98.722485
    8           -98.708721
    9           -98.590749
   10           -98.808215
   13           -98.708793
   14           -98.734808
   15           -98.841455
   16           -98.745754
   17           -98.843069
   18           -98.666139
   19           -98.733766
   20           -98.512249
   21           -98.592005
   22           -98.658194
   23           -98.857500
   24           -98.709325
   25           -98.600312
   26           -98.600177
   27           -98.612573
   28           -98.840678
   29           -98.691121
   30           -98.858998
   31           -98.627012
   32           -98.600142
   33           -98.652715
   34           -98.660637
   35           -98.639826
   36           -98.512904
   40           -98.599508
   41           -98.652795
   42           -98.495111
   43           -98.666848
   45           -98.510446
   47           -98.842811
   48           -98.856644
   49           -98.602981
   50           -98.857506
   52           -98.589499
   53           -98.857318
   55           -98.674167
   56           -98.638412
   57           -98.875871
   58           -98.441086
   59           -98.763429
   60           -98.626717
   61           -98.858870
   62           -98.657156
   63           -98.603268
   64           -98.738495
   65           -98.719763
   66           -98.639292
   67           -98.876093
   69           -98.720502
   70           -98.678871
   71           -98.591513
   72           -98.778116
   73           -98.722279
   75           -98.599807
   77           -98.728943
   78           -98.602186
   79           -98.627837
   80           -98.652515
   81           -98.674082
   82           -98.745993
   83           -98.876946
   85           -98.617525
   86           -98.779415
   88           -98.808212
   90           -98.671176
   91           -98.745761
   92           -98.734663
   94           -98.847139
   95           -98.590918
   96           -98.591009
   97           -98.859185
   99           -98.674070
  100           -98.607065
  101           -98.846387
  102           -98.719214
  103           -98.655636
  107           -98.590132
  108           -98.876506
  110           -98.787019
  111           -98.511366
  112           -98.637682
  114           -98.745264
  115           -98.722195
  117           -98.780129
  118           -98.775506
  119           -98.807892
  120           -98.589490
  121           -98.778077
  123           -98.734916
  124           -98.776765
  125           -98.600231

Initial population after sorting:
ID    Energy [eV]
    1           -98.731917
    2           -98.845171
    3           -98.733512
    4           -98.648433
    6           -98.627930
    7           -98.722485
    8           -98.708721
    9           -98.590749
   10           -98.808215
   13           -98.708793
   14           -98.734808
   15           -98.841455
   16           -98.745754
   17           -98.843069
   18           -98.666139
   19           -98.733766
   20           -98.512249
   21           -98.592005
   22           -98.658194
   23           -98.857500
   24           -98.709325
   25           -98.600312
   26           -98.600177
   27           -98.612573
   28           -98.840678
   29           -98.691121
   30           -98.858998
   31           -98.627012
   32           -98.600142
   33           -98.652715
   34           -98.660637
   35           -98.639826
   36           -98.512904
   40           -98.599508
   41           -98.652795
   42           -98.495111
   43           -98.666848
   45           -98.510446
   47           -98.842811
   48           -98.856644
   49           -98.602981
   50           -98.857506
   52           -98.589499
   53           -98.857318
   55           -98.674167
   56           -98.638412
   57           -98.875871
   58           -98.441086
   59           -98.763429
   60           -98.626717
   61           -98.858870
   62           -98.657156
   63           -98.603268
   64           -98.738495
   65           -98.719763
   66           -98.639292
   67           -98.876093
   69           -98.720502
   70           -98.678871
   71           -98.591513
   72           -98.778116
   73           -98.722279
   75           -98.599807
   77           -98.728943
   78           -98.602186
   79           -98.627837
   80           -98.652515
   81           -98.674082
   82           -98.745993
   83           -98.876946
   85           -98.617525
   86           -98.779415
   88           -98.808212
   90           -98.671176
   91           -98.745761
   92           -98.734663
   94           -98.847139
   95           -98.590918
   96           -98.591009
   97           -98.859185
   99           -98.674070
  100           -98.607065
  101           -98.846387
  102           -98.719214
  103           -98.655636
  107           -98.590132
  108           -98.876506
  110           -98.787019
  111           -98.511366
  112           -98.637682
  114           -98.745264
  115           -98.722195
  117           -98.780129
  118           -98.775506
  119           -98.807892
  120           -98.589490
  121           -98.778077
  123           -98.734916
  124           -98.776765
  125           -98.600231

Finish 3D structure initialization job at  2021-02-23 01:31:25.660400
Wall time of initialization job:                                24.42 sec.
Start LAQA geometry optimization job at  2021-02-23 01:31:25.660539 

Setting a default value for dir_inp: /data/group1/z43901k/work/laqa/laqa/newcode/examples/laqa_confopt/ala-dip-100_gfnff_gfn2-xtb
Setting a default value for sdf_inp: initial_structures.sdf
Setting a default value for sdf_out: optimized_structures.sdf
Setting a default value for csv_out: optimized_structures.csv
Setting a default value for pool_begin: None
Setting a default value for pool_end: None
Setting a default value for gauss_exedir: /home/center/opt/x86_64/apps/gaussian16/c01/g16
Setting a default value for gauss_scrdir: /data/group1/z43901k/work/laqa/laqa/newcode/examples/laqa_confopt/ala-dip-100_gfnff_gfn2-xtb
Setting a default value for g16_template: g16.template
Setting a default value for qcmethod: pm6
Setting a default value for solvmethod: None
Setting a default value for solvent: water
Setting a default value for nprocs: 1
Setting a default value for memory: 1GB
input_params: {'struct_conv': 10, 'macro_opt_cycle': 200, 'micro_opt_cycle': 5, 'thr_econv': 0.0005, 'thr_fconv': 1e-06, 'print_level': 0, 'charge': 0, 'mult': 1, 'energy_function': 'xtb', 'xtb_call': '/home/z43901k/data/bin/xtb/6.4.0/bin/xtb', 'gfn': 2, 'dir_inp': '/data/group1/z43901k/work/laqa/laqa/newcode/examples/laqa_confopt/ala-dip-100_gfnff_gfn2-xtb', 'sdf_inp': 'initial_structures.sdf', 'sdf_out': 'optimized_structures.sdf', 'csv_out': 'optimized_structures.csv', 'pool_begin': None, 'pool_end': None, 'gauss_exedir': '/home/center/opt/x86_64/apps/gaussian16/c01/g16', 'gauss_scrdir': '/data/group1/z43901k/work/laqa/laqa/newcode/examples/laqa_confopt/ala-dip-100_gfnff_gfn2-xtb', 'g16_template': 'g16.template', 'qcmethod': 'pm6', 'solvmethod': None, 'solvent': 'water', 'nprocs': 1, 'memory': '1GB'}
len(mols):  100

<LAQA options>
struct_conv: 10
pool_begin: 1 pool_end: 100
macro_opt_cycle: 200
thr_econv: 0.0005 thr_econv: 1e-06
print_level: 0
energy_function:  xtb
xtb_call; /home/z43901k/data/bin/xtb/6.4.0/bin/xtb gfn: 2
<Input file information>
Input file dir:  /data/group1/z43901k/work/laqa/laqa/newcode/examples/laqa_confopt/ala-dip-100_gfnff_gfn2-xtb  Input SDF file:  initial_structures.sdf
<Output file information>
Output file dir:  /data/group1/z43901k/work/laqa/laqa/newcode/examples/laqa_confopt/ala-dip-100_gfnff_gfn2-xtb  Output SDF file:  optimized_structures.sdf

Structure data
Number of structures:  100 Number of atoms:  22

Start initialization of LAQA geometry optimization

LAQA initialization: ID      0
Energy:      -32.962644
MAE force:  9.17903203e-03 RMS force:  1.17227539e-02 Max force:     0.024562765
E: -32.96264355462 F: 0.009179032025804086 dF: 1.0 score: -1.49834410706992
LAQA initialization: ID      1
Energy:       -32.96497
MAE force:  9.30218127e-03 RMS force:  1.21152714e-02 Max force:     0.023817671
E: -32.96497021494 F: 0.009302181267766333 dF: 1.0 score: -1.4984510023308966
LAQA initialization: ID      2
Energy:      -32.962507
MAE force:  9.40941780e-03 RMS force:  1.20076967e-02 Max force:     0.025301728
E: -32.96250687125 F: 0.009409417798666098 dF: 1.0 score: -1.498340035446655
LAQA initialization: ID      3
Energy:      -32.960813
MAE force:  8.92523648e-03 RMS force:  1.19296073e-02 Max force:     0.025556366
E: -32.96081302965 F: 0.008925236476494658 dF: 1.0 score: -1.4982586039980805
LAQA initialization: ID      4
Energy:      -32.960123
MAE force:  8.83250851e-03 RMS force:  1.16158860e-02 Max force:     0.025638527
E: -32.96012279235 F: 0.008832508511508089 dF: 1.0 score: -1.4982264062555757
LAQA initialization: ID      5
Energy:      -32.964836
MAE force:  8.38483790e-03 RMS force:  1.11675826e-02 Max force:      0.02534439
E: -32.964835812 F: 0.008384837897051283 dF: 1.0 score: -1.4984367805714616
LAQA initialization: ID      6
Energy:      -32.962196
MAE force:  8.00875977e-03 RMS force:  9.98614342e-03 Max force:     0.019227075
E: -32.96219592819 F: 0.008008759770103322 dF: 1.0 score: -1.498313703216073
LAQA initialization: ID      7
Energy:      -32.955209
MAE force:  9.30160659e-03 RMS force:  1.15629188e-02 Max force:     0.023332658
E: -32.95520933842 F: 0.009301606592061753 dF: 1.0 score: -1.4980073207798694
LAQA initialization: ID      8
Energy:      -32.962087
MAE force:  8.28909999e-03 RMS force:  1.05558416e-02 Max force:     0.021168704
E: -32.96208717315 F: 0.008289099992686549 dF: 1.0 score: -1.498311044277981
LAQA initialization: ID      9
Energy:      -32.962915
MAE force:  8.11535610e-03 RMS force:  1.02253607e-02 Max force:     0.019564469
E: -32.96291483897 F: 0.008115356102533762 dF: 1.0 score: -1.4983472403646083
LAQA initialization: ID     10
Energy:      -32.962542
MAE force:  9.47467207e-03 RMS force:  1.21777108e-02 Max force:      0.02553326
E: -32.96254178736 F: 0.009474672065332314 dF: 1.0 score: -1.4983422386762821
LAQA initialization: ID     11
Energy:      -32.963927
MAE force:  8.76343422e-03 RMS force:  1.14456132e-02 Max force:     0.025777087
E: -32.96392663368 F: 0.008763434220979069 dF: 1.0 score: -1.4983987004205819
LAQA initialization: ID     12
Energy:      -32.960508
MAE force:  8.88491270e-03 RMS force:  1.13802597e-02 Max force:     0.024128868
E: -32.96050803412 F: 0.008884912696917305 dF: 1.0 score: -1.498244381478634
LAQA initialization: ID     13
Energy:      -32.965096
MAE force:  9.06234211e-03 RMS force:  1.16955994e-02 Max force:     0.022929493
E: -32.96509604703 F: 0.009062342114177427 dF: 1.0 score: -1.498454519705479
LAQA initialization: ID     14
Energy:      -32.955579
MAE force:  9.29119998e-03 RMS force:  1.18005003e-02 Max force:     0.024529999
E: -32.95557873423 F: 0.009291199978227797 dF: 1.0 score: -1.4980240147544268
LAQA initialization: ID     15
Energy:      -32.961609
MAE force:  9.19319262e-03 RMS force:  1.18912424e-02 Max force:     0.027241904
E: -32.96160909189 F: 0.009193192617353137 dF: 1.0 score: -1.4982972161175225
LAQA initialization: ID     16
Energy:       -32.95888
MAE force:  9.23891969e-03 RMS force:  1.21048692e-02 Max force:     0.026163749
E: -32.9588796881 F: 0.009238919687655335 dF: 1.0 score: -1.4981735737321338
LAQA initialization: ID     17
Energy:      -32.957272
MAE force:  8.55196133e-03 RMS force:  1.07265279e-02 Max force:     0.024638737
E: -32.95727187814 F: 0.008551961331685952 dF: 1.0 score: -1.4980943806640366
LAQA initialization: ID     18
Energy:      -32.953468
MAE force:  9.44069032e-03 RMS force:  1.17775103e-02 Max force:     0.024822955
E: -32.95346775296 F: 0.009440690324966078 dF: 1.0 score: -1.4979294611787242
LAQA initialization: ID     19
Energy:      -32.965263
MAE force:  8.95211221e-03 RMS force:  1.16686467e-02 Max force:     0.023993356
E: -32.96526297449 F: 0.008952112212971609 dF: 1.0 score: -1.498461114451537
LAQA initialization: ID     20
Energy:      -32.962378
MAE force:  7.97794913e-03 RMS force:  1.00368347e-02 Max force:     0.019814562
E: -32.9623780006 F: 0.007977949125576127 dF: 1.0 score: -1.498321732954307
LAQA initialization: ID     21
Energy:      -32.956638
MAE force:  8.94431235e-03 RMS force:  1.13492669e-02 Max force:     0.023815261
E: -32.95663797051 F: 0.008944312348436033 dF: 1.0 score: -1.4980689990212388
LAQA initialization: ID     22
Energy:       -32.95657
MAE force:  8.88231228e-03 RMS force:  1.13391582e-02 Max force:     0.024205164
E: -32.95657033683 F: 0.008882312275324815 dF: 1.0 score: -1.4980653721370418
LAQA initialization: ID     23
Energy:      -32.959709
MAE force:  8.67305809e-03 RMS force:  1.11911836e-02 Max force:     0.024048269
E: -32.9597094872 F: 0.008673058085013001 dF: 1.0 score: -1.4982062240228184
LAQA initialization: ID     24
Energy:      -32.964996
MAE force:  9.21781975e-03 RMS force:  1.19327536e-02 Max force:     0.024597551
E: -32.96499633919 F: 0.009217819753178404 dF: 1.0 score: -1.4984514086091376
LAQA initialization: ID     25
Energy:         -32.958
MAE force:  9.63723047e-03 RMS force:  1.30207992e-02 Max force:     0.026100197
E: -32.95799978416 F: 0.009637230473652954 dF: 1.0 score: -1.4981373373856013
LAQA initialization: ID     26
Energy:      -32.965342
MAE force:  8.88168152e-03 RMS force:  1.16534226e-02 Max force:     0.024332635
E: -32.96534168939 F: 0.008881681520915723 dF: 1.0 score: -1.4984640643783196
LAQA initialization: ID     27
Energy:      -32.959919
MAE force:  8.96099759e-03 RMS force:  1.17424504e-02 Max force:     0.025628281
E: -32.95991861701 F: 0.008960997589348181 dF: 1.0 score: -1.498218268693898
LAQA initialization: ID     28
Energy:       -32.95612
MAE force:  9.08076359e-03 RMS force:  1.14939783e-02 Max force:      0.02389134
E: -32.95611955503 F: 0.00908076359138999 dF: 1.0 score: -1.4980466644532469
LAQA initialization: ID     29
Energy:      -32.960649
MAE force:  8.86960206e-03 RMS force:  1.17806941e-02 Max force:      0.02486743
E: -32.96064918762 F: 0.008869602064748008 dF: 1.0 score: -1.4982506616303937
LAQA initialization: ID     30
Energy:      -32.954863
MAE force:  9.69468837e-03 RMS force:  1.20353499e-02 Max force:     0.024253664
E: -32.95486313344 F: 0.009694688368819558 dF: 1.0 score: -1.4979953177385572
LAQA initialization: ID     31
Energy:      -32.953195
MAE force:  8.91203329e-03 RMS force:  1.14220315e-02 Max force:     0.027291366
E: -32.95319466057 F: 0.008912033288921224 dF: 1.0 score: -1.497912196740035
LAQA initialization: ID     32
Energy:      -32.958523
MAE force:  9.36807174e-03 RMS force:  1.23129332e-02 Max force:     0.026554747
E: -32.95852303993 F: 0.009368071735176411 dF: 1.0 score: -1.4981585640171995
LAQA initialization: ID     33
Energy:      -32.956201
MAE force:  8.94221324e-03 RMS force:  1.13712758e-02 Max force:     0.024060407
E: -32.9562006803 F: 0.008942213244008044 dF: 1.0 score: -1.4980491034206689
LAQA initialization: ID     34
Energy:      -32.960494
MAE force:  8.92589147e-03 RMS force:  1.18120908e-02 Max force:     0.024748901
E: -32.96049362392 F: 0.008925891472949449 dF: 1.0 score: -1.4982440914020208
LAQA initialization: ID     35
Energy:      -32.953555
MAE force:  9.03030553e-03 RMS force:  1.15362137e-02 Max force:     0.025863579
E: -32.95355457776 F: 0.009030305534906698 dF: 1.0 score: -1.4979296176526633
LAQA initialization: ID     36
Energy:      -32.955902
MAE force:  9.40925915e-03 RMS force:  1.17953238e-02 Max force:     0.024380114
E: -32.9559020598 F: 0.009409259153798876 dF: 1.0 score: -1.498039815251639
LAQA initialization: ID     37
Energy:      -32.957704
MAE force:  9.41530524e-03 RMS force:  1.22649647e-02 Max force:     0.026492896
E: -32.95770367701 F: 0.009415305238186823 dF: 1.0 score: -1.4981217638504551
LAQA initialization: ID     38
Energy:      -32.965138
MAE force:  9.10469279e-03 RMS force:  1.17961154e-02 Max force:     0.023278563
E: -32.96513806707 F: 0.009104692788721612 dF: 1.0 score: -1.4984568144003885
LAQA initialization: ID     39
Energy:      -32.966171
MAE force:  8.55540399e-03 RMS force:  1.12033802e-02 Max force:     0.024012405
E: -32.96617091848 F: 0.008555403988809576 dF: 1.0 score: -1.4984989119450696
LAQA initialization: ID     40
Energy:      -32.958333
MAE force:  8.63072714e-03 RMS force:  1.10118299e-02 Max force:     0.025047486
E: -32.95833273691 F: 0.008630727141605439 dF: 1.0 score: -1.4981432782214057
LAQA initialization: ID     41
Energy:      -32.965027
MAE force:  8.88742012e-03 RMS force:  1.14224471e-02 Max force:     0.023958688
E: -32.96502691038 F: 0.008887420117100421 dF: 1.0 score: -1.4984498072263506
LAQA initialization: ID     42
Energy:      -32.955336
MAE force:  9.25966553e-03 RMS force:  1.15033009e-02 Max force:     0.023532019
E: -32.95533593037 F: 0.009259665532250255 dF: 1.0 score: -1.4980126857197027
LAQA initialization: ID     43
Energy:      -32.965737
MAE force:  8.75289545e-03 RMS force:  1.14693886e-02 Max force:     0.024231734
E: -32.96573711991 F: 0.008752895454338404 dF: 1.0 score: -1.498480902948963
LAQA initialization: ID     44
Energy:      -32.956789
MAE force:  9.45963537e-03 RMS force:  1.17738315e-02 Max force:     0.023509477
E: -32.95678853629 F: 0.009459635365866708 dF: 1.0 score: -1.498080584909264
LAQA initialization: ID     45
Energy:      -32.960394
MAE force:  9.33060201e-03 RMS force:  1.23179874e-02 Max force:      0.02619395
E: -32.96039417423 F: 0.009330602010192566 dF: 1.0 score: -1.498243265259209
LAQA initialization: ID     46
Energy:      -32.968989
MAE force:  8.86351794e-03 RMS force:  1.16260227e-02 Max force:     0.022660564
E: -32.96898867235 F: 0.008863517938376721 dF: 1.0 score: -1.4986296751728494
LAQA initialization: ID     47
Energy:      -32.953868
MAE force:  9.00340271e-03 RMS force:  1.14780138e-02 Max force:     0.023405104
E: -32.95386846454 F: 0.009003402707620484 dF: 1.0 score: -1.4979436426547035
LAQA initialization: ID     48
Energy:      -32.962363
MAE force:  8.82797314e-03 RMS force:  1.12992988e-02 Max force:     0.023837341
E: -32.96236287396 F: 0.008827973144068286 dF: 1.0 score: -1.4983281880985524
LAQA initialization: ID     49
Energy:      -32.959919
MAE force:  8.90082691e-03 RMS force:  1.16816325e-02 Max force:     0.025659375
E: -32.95991870225 F: 0.008900826911051218 dF: 1.0 score: -1.4982177351893957
LAQA initialization: ID     50
Energy:      -32.965039
MAE force:  8.97048303e-03 RMS force:  1.16986669e-02 Max force:     0.024362792
E: -32.96503925428 F: 0.008970483031869961 dF: 1.0 score: -1.498451109977458
LAQA initialization: ID     51
Energy:       -32.96102
MAE force:  8.93547388e-03 RMS force:  1.16249033e-02 Max force:     0.023442013
E: -32.96101954111 F: 0.008935473875909726 dF: 1.0 score: -1.4982680823062389
LAQA initialization: ID     52
Energy:      -32.958558
MAE force:  8.46373868e-03 RMS force:  1.08309057e-02 Max force:     0.025140521
E: -32.95855794792 F: 0.008463738682198095 dF: 1.0 score: -1.4981520877962402
LAQA initialization: ID     53
Energy:      -32.960697
MAE force:  8.71502830e-03 RMS force:  1.11524109e-02 Max force:     0.025336116
E: -32.9606967598 F: 0.00871502829529593 dF: 1.0 score: -1.498251464940912
LAQA initialization: ID     54
Energy:      -32.964599
MAE force:  8.53297429e-03 RMS force:  1.14737867e-02 Max force:     0.026734766
E: -32.96459921656 F: 0.008532974288179625 dF: 1.0 score: -1.4984272793051017
LAQA initialization: ID     55
Energy:      -32.960621
MAE force:  9.26469062e-03 RMS force:  1.22754592e-02 Max force:     0.025907472
E: -32.96062117751 F: 0.009264690622607478 dF: 1.0 score: -1.4982529707693482
LAQA initialization: ID     56
Energy:      -32.969252
MAE force:  8.77141126e-03 RMS force:  1.15970790e-02 Max force:     0.022591032
E: -32.9692515305 F: 0.008771411264199476 dF: 1.0 score: -1.4986408111232374
LAQA initialization: ID     57
Energy:      -32.964748
MAE force:  8.49922813e-03 RMS force:  1.14451671e-02 Max force:     0.026244522
E: -32.9647481422 F: 0.008499228129864084 dF: 1.0 score: -1.4984337612666745
LAQA initialization: ID     58
Energy:      -32.957208
MAE force:  9.09987520e-03 RMS force:  1.15814686e-02 Max force:     0.024030371
E: -32.95720795194 F: 0.00909987519917703 dF: 1.0 score: -1.498096310770684
LAQA initialization: ID     59
Energy:      -32.955685
MAE force:  9.44514011e-03 RMS force:  1.18392769e-02 Max force:      0.02341804
E: -32.95568528923 F: 0.009445140108826133 dF: 1.0 score: -1.4980303003008375
LAQA initialization: ID     60
Energy:      -32.963147
MAE force:  9.21355159e-03 RMS force:  1.19869060e-02 Max force:      0.02622864
E: -32.96314744792 F: 0.009213551586621339 dF: 1.0 score: -1.4983673287627832
LAQA initialization: ID     61
Energy:      -32.964825
MAE force:  8.35006444e-03 RMS force:  1.11055540e-02 Max force:     0.024929088
E: -32.9648245917 F: 0.008350064441864547 dF: 1.0 score: -1.4984359795926372
LAQA initialization: ID     62
Energy:      -32.956619
MAE force:  8.81156894e-03 RMS force:  1.12400050e-02 Max force:     0.023815889
E: -32.95661949497 F: 0.008811568942201897 dF: 1.0 score: -1.4980669807358844
LAQA initialization: ID     63
Energy:      -32.962983
MAE force:  9.16267538e-03 RMS force:  1.16913811e-02 Max force:     0.024983784
E: -32.96298325451 F: 0.009162675376732017 dF: 1.0 score: -1.4983593979695753
LAQA initialization: ID     64
Energy:      -32.958539
MAE force:  8.40061930e-03 RMS force:  1.07263499e-02 Max force:     0.025100106
E: -32.9585387923 F: 0.00840061929786985 dF: 1.0 score: -1.4981506848522936
LAQA initialization: ID     65
Energy:       -32.96014
MAE force:  8.86958577e-03 RMS force:  1.16520880e-02 Max force:     0.025616857
E: -32.96013967546 F: 0.00886958577097522 dF: 1.0 score: -1.498227501842238
LAQA initialization: ID     66
Energy:      -32.960638
MAE force:  8.90600047e-03 RMS force:  1.18604259e-02 Max force:     0.024840326
E: -32.96063815693 F: 0.008906000469421667 dF: 1.0 score: -1.4982504837371808
LAQA initialization: ID     67
Energy:      -32.956376
MAE force:  9.51499937e-03 RMS force:  1.18014683e-02 Max force:     0.024030285
E: -32.95637642543 F: 0.009514999372016476 dF: 1.0 score: -1.498062377853343
LAQA initialization: ID     68
Energy:      -32.961314
MAE force:  8.72346453e-03 RMS force:  1.11550458e-02 Max force:     0.022269257
E: -32.96131366096 F: 0.008723464525767673 dF: 1.0 score: -1.4982795794603025
LAQA initialization: ID     69
Energy:      -32.969089
MAE force:  8.84154067e-03 RMS force:  1.16153395e-02 Max force:     0.022251028
E: -32.96908883602 F: 0.008841540673677145 dF: 1.0 score: -1.4986340335125605
LAQA initialization: ID     70
Energy:      -32.958866
MAE force:  9.38161190e-03 RMS force:  1.23101350e-02 Max force:     0.025476165
E: -32.9588655696 F: 0.009381611904029929 dF: 1.0 score: -1.4981742604845953
LAQA initialization: ID     71
Energy:       -32.96351
MAE force:  9.11769995e-03 RMS force:  1.18521816e-02 Max force:     0.026016357
E: -32.96351037628 F: 0.009117699946453832 dF: 1.0 score: -1.4983829469661567
LAQA initialization: ID     72
Energy:      -32.962878
MAE force:  8.08728345e-03 RMS force:  1.03340356e-02 Max force:     0.020301697
E: -32.96287763958 F: 0.008087283453015038 dF: 1.0 score: -1.4983453220577339
LAQA initialization: ID     73
Energy:       -32.96331
MAE force:  8.79455998e-03 RMS force:  1.17502797e-02 Max force:     0.023585007
E: -32.96330967721 F: 0.008794559975082881 dF: 1.0 score: -1.4983709301975776
LAQA initialization: ID     74
Energy:      -32.960568
MAE force:  8.80773783e-03 RMS force:  1.12848099e-02 Max force:     0.023466241
E: -32.9605683941 F: 0.008807737834078526 dF: 1.0 score: -1.4982464424001498
LAQA initialization: ID     75
Energy:      -32.962212
MAE force:  9.43391371e-03 RMS force:  1.21512473e-02 Max force:     0.025270619
E: -32.96221191246 F: 0.009433913710760982 dF: 1.0 score: -1.4983268590212238
LAQA initialization: ID     76
Energy:      -32.962281
MAE force:  9.07005591e-03 RMS force:  1.17578018e-02 Max force:      0.02567808
E: -32.962280639 F: 0.00907005591200422 dF: 1.0 score: -1.4983266165480327
LAQA initialization: ID     77
Energy:      -32.955109
MAE force:  9.34400860e-03 RMS force:  1.16053906e-02 Max force:     0.023294297
E: -32.95510937813 F: 0.0093440086035181 dF: 1.0 score: -1.4980031724361185
LAQA initialization: ID     78
Energy:      -32.955484
MAE force:  9.31192950e-03 RMS force:  1.15823447e-02 Max force:     0.023413426
E: -32.95548447318 F: 0.009311929498104166 dF: 1.0 score: -1.4980199229782163
LAQA initialization: ID     79
Energy:      -32.965365
MAE force:  8.88595333e-03 RMS force:  1.15849610e-02 Max force:      0.02443101
E: -32.96536475516 F: 0.008885953329014236 dF: 1.0 score: -1.4984651507723739
LAQA initialization: ID     80
Energy:      -32.956366
MAE force:  9.44729173e-03 RMS force:  1.17742593e-02 Max force:     0.023982051
E: -32.95636616128 F: 0.009447291732283265 dF: 1.0 score: -1.4980612693550832
LAQA initialization: ID     81
Energy:      -32.960272
MAE force:  8.44166073e-03 RMS force:  1.08674290e-02 Max force:     0.021262972
E: -32.96027216496 F: 0.008441660727966586 dF: 1.0 score: -1.4982298201342867
LAQA initialization: ID     82
Energy:      -32.962752
MAE force:  9.04663235e-03 RMS force:  1.17461803e-02 Max force:     0.025738298
E: -32.96275158561 F: 0.009046632354403814 dF: 1.0 score: -1.498347811033478
LAQA initialization: ID     83
Energy:      -32.964365
MAE force:  8.53814527e-03 RMS force:  1.14029600e-02 Max force:     0.026336735
E: -32.96436478216 F: 0.008538145267459394 dF: 1.0 score: -1.4984166673332133
LAQA initialization: ID     84
Energy:      -32.952826
MAE force:  8.90722899e-03 RMS force:  1.13906700e-02 Max force:     0.025645757
E: -32.95282642115 F: 0.008907228989964974 dF: 1.0 score: -1.497895415780049
LAQA initialization: ID     85
Energy:         -32.955
MAE force:  9.25424680e-03 RMS force:  1.15022024e-02 Max force:     0.023078614
E: -32.95500022623 F: 0.009254246795146711 dF: 1.0 score: -1.4979973762796
LAQA initialization: ID     86
Energy:      -32.968828
MAE force:  8.83176430e-03 RMS force:  1.15907988e-02 Max force:     0.022415669
E: -32.96882785675 F: 0.008831764301918395 dF: 1.0 score: -1.4986220844280698
LAQA initialization: ID     87
Energy:       -32.95923
MAE force:  8.03630012e-03 RMS force:  1.02026324e-02 Max force:      0.02044303
E: -32.95923043374 F: 0.00803630011741044 dF: 1.0 score: -1.4981791289570612
LAQA initialization: ID     88
Energy:      -32.958248
MAE force:  9.32737264e-03 RMS force:  1.21667323e-02 Max force:     0.026473983
E: -32.95824772641 F: 0.00932737264286007 dF: 1.0 score: -1.4981456693224822
LAQA initialization: ID     89
Energy:      -32.958813
MAE force:  9.44793202e-03 RMS force:  1.23624659e-02 Max force:     0.026139455
E: -32.95881263751 F: 0.009447932024078573 dF: 1.0 score: -1.4981724788693114
LAQA initialization: ID     90
Energy:      -32.961059
MAE force:  8.78921199e-03 RMS force:  1.12198158e-02 Max force:     0.023551753
E: -32.96105945912 F: 0.008789211990166617 dF: 1.0 score: -1.4982686005382497
LAQA initialization: ID     91
Energy:      -32.964579
MAE force:  8.39271091e-03 RMS force:  1.11176164e-02 Max force:     0.025162887
E: -32.9645786834 F: 0.008392710908741968 dF: 1.0 score: -1.4984251589527444
LAQA initialization: ID     92
Energy:      -32.957366
MAE force:  8.78577598e-03 RMS force:  1.09774913e-02 Max force:     0.018516393
E: -32.95736630548 F: 0.008785775981077798 dF: 1.0 score: -1.4981006997243402
LAQA initialization: ID     93
Energy:      -32.963361
MAE force:  8.95205475e-03 RMS force:  1.16224089e-02 Max force:     0.025631176
E: -32.96336143948 F: 0.008952054752826219 dF: 1.0 score: -1.4983746805276035
LAQA initialization: ID     94
Energy:      -32.963093
MAE force:  8.10093195e-03 RMS force:  1.04285796e-02 Max force:      0.02107262
E: -32.9630931755 F: 0.008100931950110753 dF: 1.0 score: -1.498355229617412
LAQA initialization: ID     95
Energy:      -32.954857
MAE force:  9.20308744e-03 RMS force:  1.14353162e-02 Max force:     0.023407958
E: -32.95485737405 F: 0.009203087438132933 dF: 1.0 score: -1.4979904108660151
LAQA initialization: ID     96
Energy:      -32.963205
MAE force:  9.14725883e-03 RMS force:  1.18450971e-02 Max force:     0.025618139
E: -32.96320536069 F: 0.009147258827365716 dF: 1.0 score: -1.4983693525670272
LAQA initialization: ID     97
Energy:      -32.962604
MAE force:  9.47462377e-03 RMS force:  1.21882942e-02 Max force:     0.025503295
E: -32.96260385715 F: 0.009474623774959971 dF: 1.0 score: -1.4983450595728385
LAQA initialization: ID     98
Energy:      -32.963461
MAE force:  9.08254956e-03 RMS force:  1.17809106e-02 Max force:     0.025651573
E: -32.96346067001 F: 0.009082549560647616 dF: 1.0 score: -1.498380367717352
LAQA initialization: ID     99
Energy:      -32.956572
MAE force:  8.84891364e-03 RMS force:  1.12878873e-02 Max force:     0.023887664
E: -32.95657217767 F: 0.00884891363817022 dF: 1.0 score: -1.4980651597121968

End initialization of LAQA geometry optimization


Summary of initialization of LAQA optimization
[ image]           score           energy[au]        MAE force[au]
[     0]     -1.49834411       -32.9626435546         0.0091790320
[     1]     -1.49845100       -32.9649702149         0.0093021813
[     2]     -1.49834004       -32.9625068712         0.0094094178
[     3]     -1.49825860       -32.9608130296         0.0089252365
[     4]     -1.49822641       -32.9601227923         0.0088325085
[     5]     -1.49843678       -32.9648358120         0.0083848379
[     6]     -1.49831370       -32.9621959282         0.0080087598
[     7]     -1.49800732       -32.9552093384         0.0093016066
[     8]     -1.49831104       -32.9620871732         0.0082891000
[     9]     -1.49834724       -32.9629148390         0.0081153561
[    10]     -1.49834224       -32.9625417874         0.0094746721
[    11]     -1.49839870       -32.9639266337         0.0087634342
[    12]     -1.49824438       -32.9605080341         0.0088849127
[    13]     -1.49845452       -32.9650960470         0.0090623421
[    14]     -1.49802401       -32.9555787342         0.0092912000
[    15]     -1.49829722       -32.9616090919         0.0091931926
[    16]     -1.49817357       -32.9588796881         0.0092389197
[    17]     -1.49809438       -32.9572718781         0.0085519613
[    18]     -1.49792946       -32.9534677530         0.0094406903
[    19]     -1.49846111       -32.9652629745         0.0089521122
[    20]     -1.49832173       -32.9623780006         0.0079779491
[    21]     -1.49806900       -32.9566379705         0.0089443123
[    22]     -1.49806537       -32.9565703368         0.0088823123
[    23]     -1.49820622       -32.9597094872         0.0086730581
[    24]     -1.49845141       -32.9649963392         0.0092178198
[    25]     -1.49813734       -32.9579997842         0.0096372305
[    26]     -1.49846406       -32.9653416894         0.0088816815
[    27]     -1.49821827       -32.9599186170         0.0089609976
[    28]     -1.49804666       -32.9561195550         0.0090807636
[    29]     -1.49825066       -32.9606491876         0.0088696021
[    30]     -1.49799532       -32.9548631334         0.0096946884
[    31]     -1.49791220       -32.9531946606         0.0089120333
[    32]     -1.49815856       -32.9585230399         0.0093680717
[    33]     -1.49804910       -32.9562006803         0.0089422132
[    34]     -1.49824409       -32.9604936239         0.0089258915
[    35]     -1.49792962       -32.9535545778         0.0090303055
[    36]     -1.49803982       -32.9559020598         0.0094092592
[    37]     -1.49812176       -32.9577036770         0.0094153052
[    38]     -1.49845681       -32.9651380671         0.0091046928
[    39]     -1.49849891       -32.9661709185         0.0085554040
[    40]     -1.49814328       -32.9583327369         0.0086307271
[    41]     -1.49844981       -32.9650269104         0.0088874201
[    42]     -1.49801269       -32.9553359304         0.0092596655
[    43]     -1.49848090       -32.9657371199         0.0087528955
[    44]     -1.49808058       -32.9567885363         0.0094596354
[    45]     -1.49824327       -32.9603941742         0.0093306020
[    46]     -1.49862968       -32.9689886724         0.0088635179
[    47]     -1.49794364       -32.9538684645         0.0090034027
[    48]     -1.49832819       -32.9623628740         0.0088279731
[    49]     -1.49821774       -32.9599187023         0.0089008269
[    50]     -1.49845111       -32.9650392543         0.0089704830
[    51]     -1.49826808       -32.9610195411         0.0089354739
[    52]     -1.49815209       -32.9585579479         0.0084637387
[    53]     -1.49825146       -32.9606967598         0.0087150283
[    54]     -1.49842728       -32.9645992166         0.0085329743
[    55]     -1.49825297       -32.9606211775         0.0092646906
[    56]     -1.49864081       -32.9692515305         0.0087714113
[    57]     -1.49843376       -32.9647481422         0.0084992281
[    58]     -1.49809631       -32.9572079519         0.0090998752
[    59]     -1.49803030       -32.9556852892         0.0094451401
[    60]     -1.49836733       -32.9631474479         0.0092135516
[    61]     -1.49843598       -32.9648245917         0.0083500644
[    62]     -1.49806698       -32.9566194950         0.0088115689
[    63]     -1.49835940       -32.9629832545         0.0091626754
[    64]     -1.49815068       -32.9585387923         0.0084006193
[    65]     -1.49822750       -32.9601396755         0.0088695858
[    66]     -1.49825048       -32.9606381569         0.0089060005
[    67]     -1.49806238       -32.9563764254         0.0095149994
[    68]     -1.49827958       -32.9613136610         0.0087234645
[    69]     -1.49863403       -32.9690888360         0.0088415407
[    70]     -1.49817426       -32.9588655696         0.0093816119
[    71]     -1.49838295       -32.9635103763         0.0091176999
[    72]     -1.49834532       -32.9628776396         0.0080872835
[    73]     -1.49837093       -32.9633096772         0.0087945600
[    74]     -1.49824644       -32.9605683941         0.0088077378
[    75]     -1.49832686       -32.9622119125         0.0094339137
[    76]     -1.49832662       -32.9622806390         0.0090700559
[    77]     -1.49800317       -32.9551093781         0.0093440086
[    78]     -1.49801992       -32.9554844732         0.0093119295
[    79]     -1.49846515       -32.9653647552         0.0088859533
[    80]     -1.49806127       -32.9563661613         0.0094472917
[    81]     -1.49822982       -32.9602721650         0.0084416607
[    82]     -1.49834781       -32.9627515856         0.0090466324
[    83]     -1.49841667       -32.9643647822         0.0085381453
[    84]     -1.49789542       -32.9528264212         0.0089072290
[    85]     -1.49799738       -32.9550002262         0.0092542468
[    86]     -1.49862208       -32.9688278568         0.0088317643
[    87]     -1.49817913       -32.9592304337         0.0080363001
[    88]     -1.49814567       -32.9582477264         0.0093273726
[    89]     -1.49817248       -32.9588126375         0.0094479320
[    90]     -1.49826860       -32.9610594591         0.0087892120
[    91]     -1.49842516       -32.9645786834         0.0083927109
[    92]     -1.49810070       -32.9573663055         0.0087857760
[    93]     -1.49837468       -32.9633614395         0.0089520548
[    94]     -1.49835523       -32.9630931755         0.0081009320
[    95]     -1.49799041       -32.9548573741         0.0092030874
[    96]     -1.49836935       -32.9632053607         0.0091472588
[    97]     -1.49834506       -32.9626038572         0.0094746238
[    98]     -1.49838037       -32.9634606700         0.0090825496
[    99]     -1.49806516       -32.9565721777         0.0088489136

LAQA geometry optimization:      0 cycle 
Energy:      -32.975049
MAE force:  7.52943635e-04 RMS force:  9.60874238e-04 Max force:    0.0020857523
E: -32.97504858325 F: 0.000752943634581615 dF: 0.008018467629617861 score: -1.4989011958439906
Cycle      0 [    56,     1]     -1.49890120       -32.9750485833         0.0007529436

LAQA geometry optimization:      1 cycle 
Energy:        -32.9753
MAE force:  3.40288718e-04 RMS force:  4.21304282e-04 Max force:    0.0010834184
E: -32.97530002574 F: 0.00034028871811935825 dF: 0.0004126549164622567 score: -1.4990175804913053
Cycle      1 [    56,     2]     -1.49901758       -32.9753000257         0.0003402887
LAQA local geometry optpmization is converged: structure ID     57

LAQA geometry optimization:      2 cycle 
Energy:      -32.974854
MAE force:  8.68188577e-04 RMS force:  1.08135653e-03 Max force:    0.0021996643
E: -32.97485414665 F: 0.0008681885773011159 dF: 0.00797335209637603 score: -1.4989042735742713
Cycle      2 [    69,     1]     -1.49890427       -32.9748541467         0.0008681886

LAQA geometry optimization:      3 cycle 
Energy:      -32.975221
MAE force:  6.38400576e-04 RMS force:  7.82802264e-04 Max force:    0.0014642811
E: -32.97522081876 F: 0.0006384005759649582 dF: 0.00022978800133615761 score: -1.4997604807523124
Cycle      3 [    69,     2]     -1.49976048       -32.9752208188         0.0006384006
LAQA local geometry optpmization is converged: structure ID     70

LAQA geometry optimization:      4 cycle 
Energy:      -32.974874
MAE force:  9.37305309e-04 RMS force:  1.17490549e-03 Max force:    0.0023555086
E: -32.97487357395 F: 0.000937305309173703 dF: 0.007926212629203018 score: -1.498913309714578
Cycle      4 [    46,     1]     -1.49891331       -32.9748735739         0.0009373053

LAQA geometry optimization:      5 cycle 
Energy:      -32.975318
MAE force:  7.81583122e-04 RMS force:  9.34574468e-04 Max force:    0.0018378447
E: -32.97531810377 F: 0.0007815831219522133 dF: 0.00015572218722148968 score: -1.5008395122596598
Cycle      5 [    46,     2]     -1.50083951       -32.9753181038         0.0007815831
LAQA local geometry optpmization is converged: structure ID     47

LAQA geometry optimization:      6 cycle 
Energy:      -32.974752
MAE force:  9.97665120e-04 RMS force:  1.25081532e-03 Max force:    0.0025022266
E: -32.97475158039 F: 0.0009976651204839694 dF: 0.007834099181434425 score: -1.498915870417883
Cycle      6 [    86,     1]     -1.49891587       -32.9747515804         0.0009976651

LAQA geometry optimization:      7 cycle 
Energy:      -32.975222
MAE force:  7.42694400e-04 RMS force:  8.99734594e-04 Max force:    0.0017689839
E: -32.9752215877 F: 0.000742694400160256 dF: 0.0002549707203237134 score: -1.4999553915017865
Cycle      7 [    86,     2]     -1.49995539       -32.9752215877         0.0007426944
LAQA local geometry optpmization is converged: structure ID     87

LAQA geometry optimization:      8 cycle 
Energy:      -32.973107
MAE force:  1.18769882e-03 RMS force:  1.53855923e-03 Max force:    0.0037572148
E: -32.97310711783 F: 0.0011876988184278314 dF: 0.007367705170381744 score: -1.4988733267842507
Cycle      8 [    39,     1]     -1.49887333       -32.9731071178         0.0011876988

LAQA geometry optimization:      9 cycle 
Energy:       -32.97364
MAE force:  5.92051485e-04 RMS force:  8.19490536e-04 Max force:    0.0019548667
E: -32.97363975569 F: 0.0005920514849464497 dF: 0.0005956473334813818 score: -1.4990960457488682
Cycle      9 [    39,     2]     -1.49909605       -32.9736397557         0.0005920515

LAQA geometry optimization:     10 cycle 
Energy:      -32.973717
MAE force:  4.03079113e-04 RMS force:  5.54560835e-04 Max force:    0.0012299486
E: -32.97371728457 F: 0.00040307911323559606 dF: 0.0001889723717108536 score: -1.499235216104914
Cycle     10 [    39,     3]     -1.49923522       -32.9737172846         0.0004030791
LAQA local geometry optpmization is converged: structure ID     40

LAQA geometry optimization:     11 cycle 
Energy:        -32.9728
MAE force:  1.22192524e-03 RMS force:  1.63356934e-03 Max force:    0.0040480244
E: -32.97279974212 F: 0.0012219252439490556 dF: 0.007530970210389348 score: -1.4988627553819547
Cycle     11 [    43,     1]     -1.49886276       -32.9727997421         0.0012219252

LAQA geometry optimization:     12 cycle 
Energy:       -32.97341
MAE force:  6.98079260e-04 RMS force:  9.48705767e-04 Max force:    0.0020214657
E: -32.97341002069 F: 0.000698079260264553 dF: 0.0005238459836845027 score: -1.49925649618877
Cycle     12 [    43,     2]     -1.49925650       -32.9734100207         0.0006980793

LAQA geometry optimization:     13 cycle 
Energy:      -32.973555
MAE force:  5.63878430e-04 RMS force:  7.71379076e-04 Max force:    0.0016592703
E: -32.9735545238 F: 0.00056387842978292 dF: 0.0001342008304816329 score: -1.4999825711858932
Cycle     13 [    43,     3]     -1.49998257       -32.9735545238         0.0005638784
LAQA local geometry optpmization is converged: structure ID     44

LAQA geometry optimization:     14 cycle 
Energy:      -32.972615
MAE force:  1.35727368e-03 RMS force:  1.76966089e-03 Max force:    0.0044269171
E: -32.97261491741 F: 0.0013572736778600712 dF: 0.007528679651154165 score: -1.4988775684663542
Cycle     14 [    79,     1]     -1.49887757       -32.9726149174         0.0013572737

LAQA geometry optimization:     15 cycle 
Energy:      -32.973256
MAE force:  8.07549268e-04 RMS force:  1.08761222e-03 Max force:    0.0026143327
E: -32.97325619676 F: 0.00080754926834267 dF: 0.0005497244095174012 score: -1.4993775205369673
Cycle     15 [    79,     2]     -1.49937752       -32.9732561968         0.0008075493

LAQA geometry optimization:     16 cycle 
Energy:      -32.973377
MAE force:  9.75803105e-04 RMS force:  1.28044877e-03 Max force:    0.0030288706
E: -32.97337732289 F: 0.0009758031045978908 dF: 0.00016825383625522082 score: -1.501619506808245
Cycle     16 [    79,     3]     -1.50161951       -32.9733773229         0.0009758031
LAQA local geometry optpmization is converged: structure ID     80

LAQA geometry optimization:     17 cycle 
Energy:      -32.972534
MAE force:  1.33156572e-03 RMS force:  1.76513493e-03 Max force:    0.0045294314
E: -32.97253437779 F: 0.0013315657164248208 dF: 0.007550115804490902 score: -1.4988689824984514
Cycle     17 [    26,     1]     -1.49886898       -32.9725343778         0.0013315657

LAQA geometry optimization:     18 cycle 
Energy:      -32.973107
MAE force:  5.84892337e-04 RMS force:  8.32632524e-04 Max force:    0.0019926122
E: -32.9731065546 F: 0.0005848923368998361 dF: 0.0007466733795249847 score: -1.4990066527865198
Cycle     18 [    26,     2]     -1.49900665       -32.9731065546         0.0005848923

LAQA geometry optimization:     19 cycle 
Energy:       -32.97314
MAE force:  1.46582188e-04 RMS force:  1.90348127e-04 Max force:   0.00049477665
E: -32.97314049947 F: 0.00014658218841384721 dF: 0.0004383101484859889 score: -1.4988036240394604
Cycle     19 [    26,     3]     -1.49880362       -32.9731404995         0.0001465822
LAQA local geometry optpmization is converged: structure ID     27

LAQA geometry optimization:     20 cycle 
Energy:      -32.972589
MAE force:  1.46624878e-03 RMS force:  1.91615467e-03 Max force:    0.0047084846
E: -32.97258947904 F: 0.0014662487823151901 dF: 0.007485863430656419 score: -1.4988976635898554
Cycle     20 [    19,     1]     -1.49889766       -32.9725894790         0.0014662488

LAQA geometry optimization:     21 cycle 
Energy:      -32.973281
MAE force:  8.01644984e-04 RMS force:  1.14081672e-03 Max force:    0.0027731744
E: -32.97328106215 F: 0.000801644983714246 dF: 0.0006646037986009441 score: -1.499268974843417
Cycle     21 [    19,     2]     -1.49926897       -32.9732810622         0.0008016450

LAQA geometry optimization:     22 cycle 
Energy:      -32.973397
MAE force:  8.22384469e-04 RMS force:  1.10887479e-03 Max force:    0.0027430502
E: -32.97339672461 F: 0.0008223844688696475 dF: 2.073948515540151e-05 score: -1.515095798873002
Cycle     22 [    19,     3]     -1.51509580       -32.9733967246         0.0008223845
LAQA local geometry optpmization is converged: structure ID     20

LAQA geometry optimization:     23 cycle 
Energy:      -32.971652
MAE force:  9.67924520e-04 RMS force:  1.14669540e-03 Max force:    0.0022548467
E: -32.97165206481 F: 0.0009679245195260165 dF: 0.008136768269195595 score: -1.4987690281290238
Cycle     23 [    38,     1]     -1.49876903       -32.9716520648         0.0009679245

LAQA geometry optimization:     24 cycle 
Energy:      -32.972447
MAE force:  1.02721508e-03 RMS force:  1.29262822e-03 Max force:      0.00272532
E: -32.9724465862 F: 0.0010272150769482296 dF: 5.9290557422213134e-05 score: -1.5076458761486178
Cycle     24 [    38,     2]     -1.50764588       -32.9724465862         0.0010272151

LAQA geometry optimization:     25 cycle 
Energy:      -32.972675
MAE force:  9.91402956e-04 RMS force:  1.22161445e-03 Max force:    0.0022642635
E: -32.97267507123 F: 0.000991402956395203 dF: 3.581212055302663e-05 score: -1.5124806835918059
Cycle     25 [    38,     3]     -1.51248068       -32.9726750712         0.0009914030
LAQA local geometry optpmization is converged: structure ID     39

LAQA global geometry optimization is converged at step     25
Total number of LAQA optimized structrure found:     10

Optimized structure list (unsorted)
Struct. ID    Total energy [au]    Total energy [eV]
        57         -32.97530003        -897.30361813
        70         -32.97522082        -897.30146279
        47         -32.97531810        -897.30411005
        87         -32.97522159        -897.30148372
        40         -32.97371728        -897.26054954
        44         -32.97355452        -897.25612060
        80         -32.97337732        -897.25129872
        27         -32.97314050        -897.24485442
        20         -32.97339672        -897.25182666
        39         -32.97267507        -897.23218948

Optimized structure list (sorted by lower energy)
Struct. ID    Total energy [au]    Total energy [eV]
        47         -32.97531810        -897.30411005
        57         -32.97530003        -897.30361813
        87         -32.97522159        -897.30148372
        70         -32.97522082        -897.30146279
        40         -32.97371728        -897.26054954
        44         -32.97355452        -897.25612060
        20         -32.97339672        -897.25182666
        80         -32.97337732        -897.25129872
        27         -32.97314050        -897.24485442
        39         -32.97267507        -897.23218948

Finish LAQA geometry optimization job at  2021-02-23 01:31:38.527081
Wall time of LAQA geometry optimization job:                    12.87 sec.

Finish LAQA conforation searh job at  2021-02-23 01:31:38.528337
Wall time of LAQA conformation optimization job:                37.29 sec.
