
Start 3D structure initialization job at  2021-02-23 01:16:57.053999 

Setting a default value for energy_var: 0.001
Setting a default value for selection: roulette_wheel
Setting a default value for fitness_sum_limit: 1.2
Setting a default value for prob_for_crossing: 1.0
Setting a default value for max_iter: 30
Setting a default value for iter_limit_conv: 20
Setting a default value for energy_diff_conv: 0.001
Setting a default value for cnt_max: 500
Setting a default value for xtb_call: xtb
Setting a default value for gfn: 2
Setting a default value for alpb: None
Setting a default value for gauss_exedir: ~/bin/g16
Setting a default value for gauss_scrdir: /data/group1/z43901k/work/laqa/laqa/newcode/examples/initgeom/ala-dip-100_uff
Setting a default value for qcmethod: pm6
Setting a default value for solvmethod: None
Setting a default value for solvent: water
Setting a default value for charge: 0
Setting a default value for mult: 1
Setting a default value for nprocs: 1
Setting a default value for memory: 2GB
Setting a default value for sdf_out: initial_structures.sdf
Setting a default value for printlevel: 0
params:  {'popsize': 100, 'cntmax': 300, 'seed': 0, 'optsteps': 100, 'energy_function': 'ff', 'force_field': 'uff', 'force_tol': 0.0001, 'energy_tol': 1e-06, 'energy_var': 0.001, 'selection': 'roulette_wheel', 'fitness_sum_limit': 1.2, 'prob_for_crossing': 1.0, 'max_iter': 30, 'iter_limit_conv': 20, 'energy_diff_conv': 0.001, 'cnt_max': 500, 'xtb_call': 'xtb', 'gfn': '2', 'alpb': None, 'gauss_exedir': '~/bin/g16', 'gauss_scrdir': '/data/group1/z43901k/work/laqa/laqa/newcode/examples/initgeom/ala-dip-100_uff', 'qcmethod': 'pm6', 'solvmethod': None, 'solvent': 'water', 'charge': 0, 'mult': 1, 'nprocs': 1, 'memory': '2GB', 'sdf_out': 'initial_structures.sdf', 'printlevel': 0}
Local optimization will be performed with RDKit.
energy_function:  ff
popsize: 100 cnt_max:  500 seed  0
Setting a default value for rmsd_type: cartesian
Setting a default value for distance_cutoff_1: 1.3
Setting a default value for distance_cutoff_2: 2.15
Setting a default value for rmsd_cutoff_uniq: 0.2
Setting a default value for chiral: True
Setting a default value for optimize_torsion: True
Setting a default value for smarts_torsion: [*]~[!$(*#*)&!D1]-&!@[!$(*#*)&!D1]~[*]
SMILES:  CC(=O)N[C@H](C(=O)NC)C
distance_cutoff_1:  1.3
distance_cutoff_2:  2.15
Number of atoms:  22
Number of bonds:  21
Number of identified torsion: 4
Identified  torsion: [(1, 3, 4, 9), (2, 1, 3, 4), (6, 5, 7, 8), (7, 5, 4, 9)]

___Initialization of 3D structures ___


----- New trial:      1 -----

Geometry of Structure 1 is added to the population, energy: 0.44068
Structure 1
Values of torsion before: [18.0, 36.0, -159.0, -47.0] and after local opt: [84.3, 3.66, -177.14, -98.85]

----- New trial:      2 -----

Geometry of Structure 2 is added to the population, energy: 0.39183
Structure 2
Values of torsion before: [82.0, 69.0, 28.0, -24.0] and after local opt: [75.86, -7.98, 4.69, 55.57]

----- New trial:      3 -----

Geometry of Structure 3 is added to the population, energy: 0.43804
Structure 3
Values of torsion before: [65.0, 4.0, 119.0, -68.0] and after local opt: [96.13, 4.27, -177.26, -95.73]

----- New trial:      4 -----

Geometry of Structure 4 is added to the population, energy: 0.41588
Structure 4
Values of torsion before: [79.0, -108.0, -35.0, -108.0] and after local opt: [92.75, -174.97, 1.15, -112.24]

----- New trial:      5 -----

Geometry of Structure 5 is invalid.

----- New trial:      6 -----

Geometry of Structure 6 is added to the population, energy: 0.37267
Structure 6
Values of torsion before: [129.0, -104.0, -21.0, -129.0] and after local opt: [164.25, 178.24, 1.5, -102.04]

----- New trial:      7 -----

Geometry of Structure 7 is added to the population, energy: 0.36953
Structure 7
Values of torsion before: [-142.0, 171.0, -10.0, 62.0] and after local opt: [165.08, 177.64, -2.1, 74.38]

----- New trial:      8 -----

Geometry of Structure 8 is added to the population, energy: 0.36955
Structure 8
Values of torsion before: [106.99, -127.99, 2.0, 43.0] and after local opt: [165.08, 177.81, -1.79, 74.29]

----- New trial:      9 -----

Geometry of Structure 9 is added to the population, energy: 0.68373
Structure 9
Values of torsion before: [-17.99, 133.0, 148.0, -75.0] and after local opt: [-56.34, -167.93, 171.57, -80.45]

----- New trial:     10 -----

Geometry of Structure 10 is added to the population, energy: 0.33892
Structure 10
Values of torsion before: [103.0, 65.0, 47.0, 87.0] and after local opt: [166.22, -0.45, -1.6, 72.62]

----- New trial:     11 -----

Geometry of Structure 11 is invalid.

----- New trial:     12 -----

Geometry of Structure 12 is invalid.

----- New trial:     13 -----

Geometry of Structure 13 is added to the population, energy: 0.37004
Structure 13
Values of torsion before: [-179.0, 134.0, 73.0, -9.0] and after local opt: [164.25, 177.3, -1.69, 73.8]

----- New trial:     14 -----

Geometry of Structure 14 is added to the population, energy: 0.52636
Structure 14
Values of torsion before: [-55.0, -13.0, -147.0, -82.0] and after local opt: [-54.23, -1.44, 178.67, -89.37]

----- New trial:     15 -----

Geometry of Structure 15 is added to the population, energy: 0.37857
Structure 15
Values of torsion before: [111.0, -66.0, -57.0, -107.0] and after local opt: [81.53, 2.16, -0.59, -123.04]

----- New trial:     16 -----

Geometry of Structure 16 is added to the population, energy: 0.39608
Structure 16
Values of torsion before: [99.0, 50.0, -133.0, -138.0] and after local opt: [165.97, 0.67, -179.55, -95.62]

----- New trial:     17 -----

Geometry of Structure 17 is added to the population, energy: 0.47445
Structure 17
Values of torsion before: [-16.01, 81.01, 71.0, -124.0] and after local opt: [-57.51, 5.33, 8.24, -93.29]

----- New trial:     18 -----

Geometry of Structure 18 is added to the population, energy: 0.53964
Structure 18
Values of torsion before: [-25.0, 103.0, -30.0, -116.0] and after local opt: [-69.19, 162.54, 2.05, -176.32]

----- New trial:     19 -----

Geometry of Structure 19 is added to the population, energy: 0.43770
Structure 19
Values of torsion before: [101.0, -9.0, 97.0, -75.0] and after local opt: [95.49, 3.17, -177.39, -95.66]

----- New trial:     20 -----

Geometry of Structure 20 is added to the population, energy: 0.47198
Structure 20
Values of torsion before: [129.0, 101.0, 121.0, -32.0] and after local opt: [93.84, -175.0, -177.18, -96.15]

----- New trial:     21 -----

Geometry of Structure 21 is added to the population, energy: 0.79202
Structure 21
Values of torsion before: [48.0, -133.0, 126.0, 18.0] and after local opt: [90.2, -175.55, 105.47, 58.54]

----- New trial:     22 -----

Geometry of Structure 22 is added to the population, energy: 0.60490
Structure 22
Values of torsion before: [-17.0, 115.0, -56.0, -31.0] and after local opt: [-69.77, 163.6, -3.74, 12.18]

----- New trial:     23 -----

Geometry of Structure 23 is added to the population, energy: 0.42246
Structure 23
Values of torsion before: [-85.0, -83.0, -84.0, -163.0] and after local opt: [-67.1, -0.92, -0.74, -163.06]

----- New trial:     24 -----

Geometry of Structure 24 is added to the population, energy: 0.36953
Structure 24
Values of torsion before: [134.0, 157.0, -46.0, 64.0] and after local opt: [165.1, 177.65, -2.12, 74.41]

----- New trial:     25 -----

Geometry of Structure 25 is added to the population, energy: 0.41404
Structure 25
Values of torsion before: [-144.0, -133.99, 168.0, -113.0] and after local opt: [165.13, 177.47, -179.67, -96.61]

----- New trial:     26 -----

Geometry of Structure 26 is added to the population, energy: 0.58454
Structure 26
Values of torsion before: [-102.99, -160.0, -138.0, 179.0] and after local opt: [-69.17, 161.77, 179.29, -169.79]

----- New trial:     27 -----

Geometry of Structure 27 is added to the population, energy: 0.41645
Structure 27
Values of torsion before: [97.0, 170.0, 21.0, 89.0] and after local opt: [90.32, -174.16, 0.31, 60.69]

----- New trial:     28 -----

Geometry of Structure 28 is added to the population, energy: 0.46680
Structure 28
Values of torsion before: [-38.0, 88.0, -59.0, -69.0] and after local opt: [-56.11, -0.3, -1.06, -82.25]

----- New trial:     29 -----

Geometry of Structure 29 is added to the population, energy: 0.36963
Structure 29
Values of torsion before: [168.0, 122.0, 35.0, 117.0] and after local opt: [165.73, 178.19, -2.02, 74.52]

----- New trial:     30 -----

Geometry of Structure 30 is added to the population, energy: 0.42457
Structure 30
Values of torsion before: [-39.0, 51.0, 73.0, 159.0] and after local opt: [-67.52, -0.97, -0.75, -171.55]

----- New trial:     31 -----

Geometry of Structure 31 is added to the population, energy: 0.37258
Structure 31
Values of torsion before: [148.99, 179.0, 3.0, -137.0] and after local opt: [164.01, 177.81, 2.25, -101.55]

----- New trial:     32 -----

Geometry of Structure 32 is added to the population, energy: 0.98547
Structure 32
Values of torsion before: [-13.0, 134.0, -120.0, 70.0] and after local opt: [41.38, 84.26, -159.07, 67.05]

----- New trial:     33 -----

Geometry of Structure 33 is added to the population, energy: 0.41497
Structure 33
Values of torsion before: [121.0, 143.0, -8.0, -82.0] and after local opt: [91.42, -174.43, -0.81, -123.95]

----- New trial:     34 -----

Geometry of Structure 34 is added to the population, energy: 0.54607
Structure 34
Values of torsion before: [-55.0, -171.0, -41.0, -120.0] and after local opt: [-67.65, -175.5, 4.53, 175.99]

----- New trial:     35 -----

Geometry of Structure 35 is added to the population, energy: 0.46222
Structure 35
Values of torsion before: [-67.0, 10.99, -92.0, -9.0] and after local opt: [-56.91, -3.49, -0.61, -70.76]

----- New trial:     36 -----

Geometry of Structure 36 is added to the population, energy: 0.49403
Structure 36
Values of torsion before: [39.0, -148.0, -128.0, -105.0] and after local opt: [86.19, -173.8, -179.47, -106.38]

----- New trial:     37 -----

Geometry of Structure 37 is invalid.

----- New trial:     38 -----

Geometry of Structure 38 is invalid.

----- New trial:     39 -----

Geometry of Structure 39 is invalid.

----- New trial:     40 -----

Geometry of Structure 40 is added to the population, energy: 0.58228
Structure 40
Values of torsion before: [-83.0, 131.0, 115.0, -118.0] and after local opt: [-70.01, 163.76, -178.49, -169.28]

----- New trial:     41 -----

Geometry of Structure 41 is added to the population, energy: 0.41544
Structure 41
Values of torsion before: [21.0, -133.0, 10.0, -120.0] and after local opt: [91.69, -173.79, 0.59, -115.68]

----- New trial:     42 -----

Geometry of Structure 42 is added to the population, energy: 0.41349
Structure 42
Values of torsion before: [-161.0, 131.0, -168.0, -80.0] and after local opt: [163.53, 177.78, -179.5, -96.96]

----- New trial:     43 -----

Geometry of Structure 43 is added to the population, energy: 0.57882
Structure 43
Values of torsion before: [-85.0, -116.0, 66.0, -72.0] and after local opt: [-60.96, -176.97, -5.45, -49.27]

----- New trial:     44 -----

Geometry of Structure 44 is invalid.

----- New trial:     45 -----

Geometry of Structure 45 is added to the population, energy: 0.92787
Structure 45
Values of torsion before: [37.99, 138.01, -128.0, -46.0] and after local opt: [-29.95, 148.32, -128.95, -96.13]

----- New trial:     46 -----

Geometry of Structure 46 is invalid.

----- New trial:     47 -----

Geometry of Structure 47 is added to the population, energy: 0.46218
Structure 47
Values of torsion before: [-25.0, 0.0, 44.0, -87.0] and after local opt: [-56.73, -4.11, -0.52, -70.51]

----- New trial:     48 -----

Geometry of Structure 48 is added to the population, energy: 0.35197
Structure 48
Values of torsion before: [-148.0, 78.01, 60.0, -159.0] and after local opt: [167.53, -0.42, 0.4, -103.82]

----- New trial:     49 -----

Geometry of Structure 49 is added to the population, energy: 0.67486
Structure 49
Values of torsion before: [126.0, -128.0, 179.0, 21.0] and after local opt: [150.61, -173.28, -148.45, 56.3]

----- New trial:     50 -----

Geometry of Structure 50 is added to the population, energy: 0.48129
Structure 50
Values of torsion before: [-77.0, -46.0, 4.0, 61.0] and after local opt: [-67.1, -1.6, 0.94, 28.05]

----- New trial:     51 -----

Geometry of Structure 51 is invalid.

----- New trial:     52 -----

Geometry of Structure 52 is added to the population, energy: 0.68373
Structure 52
Values of torsion before: [-75.0, -150.0, 167.0, -98.0] and after local opt: [-56.33, -167.93, 171.56, -80.45]

----- New trial:     53 -----

Geometry of Structure 53 is added to the population, energy: 0.46999
Structure 53
Values of torsion before: [-97.0, -4.0, 92.0, -51.0] and after local opt: [-57.55, -4.11, -6.05, -60.76]

----- New trial:     54 -----

Geometry of Structure 54 is invalid.

----- New trial:     55 -----

Geometry of Structure 55 is added to the population, energy: 0.54529
Structure 55
Values of torsion before: [-90.0, -173.0, 62.0, 169.0] and after local opt: [-67.97, -174.61, 3.94, 173.79]

----- New trial:     56 -----

Geometry of Structure 56 is added to the population, energy: 0.41246
Structure 56
Values of torsion before: [30.0, 111.99, 81.0, -20.0] and after local opt: [79.57, 13.83, 4.47, 68.46]

----- New trial:     57 -----

Geometry of Structure 57 is added to the population, energy: 0.37925
Structure 57
Values of torsion before: [153.0, 3.0, 19.0, 157.0] and after local opt: [84.44, 1.76, -0.73, -123.43]

----- New trial:     58 -----

Geometry of Structure 58 is added to the population, energy: 0.45756
Structure 58
Values of torsion before: [-51.0, -101.0, 108.0, 174.0] and after local opt: [-69.02, 1.66, 177.47, -163.13]

----- New trial:     59 -----

Geometry of Structure 59 is added to the population, energy: 0.47319
Structure 59
Values of torsion before: [-173.0, 55.0, -139.0, -8.0] and after local opt: [165.36, -5.77, -173.29, 76.99]

----- New trial:     60 -----

Geometry of Structure 60 is added to the population, energy: 0.37258
Structure 60
Values of torsion before: [-156.0, 99.0, -36.0, -110.0] and after local opt: [164.01, 177.81, 2.26, -101.54]

----- New trial:     61 -----

Geometry of Structure 61 is added to the population, energy: 0.42227
Structure 61
Values of torsion before: [-56.99, 66.99, 1.0, 133.0] and after local opt: [-66.54, -2.77, -1.67, -164.64]

----- New trial:     62 -----

Geometry of Structure 62 is added to the population, energy: 0.54529
Structure 62
Values of torsion before: [-32.0, 165.0, 4.0, 123.0] and after local opt: [-67.94, -174.65, 3.94, 173.79]

----- New trial:     63 -----

Geometry of Structure 63 is added to the population, energy: 0.60362
Structure 63
Values of torsion before: [145.0, 138.0, -112.0, -21.0] and after local opt: [153.64, 173.25, 175.6, 64.63]

----- New trial:     64 -----

Geometry of Structure 64 is added to the population, energy: 0.41950
Structure 64
Values of torsion before: [18.99, 33.0, 154.0, -138.0] and after local opt: [87.06, 2.55, 175.67, -157.79]

----- New trial:     65 -----

Geometry of Structure 65 is added to the population, energy: 0.44216
Structure 65
Values of torsion before: [-179.0, 125.0, -81.0, 178.0] and after local opt: [110.45, -178.4, -2.81, -160.69]

----- New trial:     66 -----

Geometry of Structure 66 is added to the population, energy: 0.46341
Structure 66
Values of torsion before: [-8.0, -98.0, -57.0, -65.0] and after local opt: [-56.32, -1.44, 1.46, -76.62]

----- New trial:     67 -----

Geometry of Structure 67 is added to the population, energy: 0.36331
Structure 67
Values of torsion before: [147.0, 49.99, 14.0, 165.0] and after local opt: [158.34, -3.8, 0.93, -122.29]

----- New trial:     68 -----

Geometry of Structure 68 is invalid.

----- New trial:     69 -----

Geometry of Structure 69 is added to the population, energy: 0.42017
Structure 69
Values of torsion before: [-180.0, 110.99, 35.0, 160.0] and after local opt: [95.32, -171.41, 2.12, -128.1]

----- New trial:     70 -----

Geometry of Structure 70 is added to the population, energy: 0.34952
Structure 70
Values of torsion before: [-156.0, -94.99, 49.0, -147.0] and after local opt: [165.81, -1.83, 1.56, -102.53]

----- New trial:     71 -----

Geometry of Structure 71 is added to the population, energy: 0.82843
Structure 71
Values of torsion before: [-47.0, -180.0, -99.0, 49.0] and after local opt: [-62.54, -134.31, 6.54, 51.34]

----- New trial:     72 -----

Geometry of Structure 72 is added to the population, energy: 0.46891
Structure 72
Values of torsion before: [91.0, 70.0, 108.0, 130.0] and after local opt: [166.34, -2.62, -169.28, 74.12]

----- New trial:     73 -----

Geometry of Structure 73 is added to the population, energy: 0.54068
Structure 73
Values of torsion before: [-179.0, -160.0, 74.0, -13.0] and after local opt: [116.77, -14.84, -17.83, 9.69]

----- New trial:     74 -----

Geometry of Structure 74 is invalid.

----- New trial:     75 -----

Geometry of Structure 75 is added to the population, energy: 0.58228
Structure 75
Values of torsion before: [-83.0, 101.0, 145.0, -137.0] and after local opt: [-70.04, 163.83, -178.37, -169.22]

----- New trial:     76 -----

Geometry of Structure 76 is invalid.

----- New trial:     77 -----

Geometry of Structure 77 is added to the population, energy: 0.44049
Structure 77
Values of torsion before: [33.99, -17.99, -178.0, -70.0] and after local opt: [86.77, 6.45, -175.25, -98.21]

----- New trial:     78 -----

Geometry of Structure 78 is added to the population, energy: 0.50437
Structure 78
Values of torsion before: [-172.0, -178.01, 166.0, 91.0] and after local opt: [165.68, -179.76, -168.1, 74.9]

----- New trial:     79 -----

Geometry of Structure 79 is added to the population, energy: 0.37272
Structure 79
Values of torsion before: [134.0, -129.0, -82.0, -119.0] and after local opt: [164.14, 176.62, 2.26, -101.36]

----- New trial:     80 -----

Geometry of Structure 80 is added to the population, energy: 0.41662
Structure 80
Values of torsion before: [132.0, 153.0, -78.0, -25.0] and after local opt: [91.03, -172.36, 1.92, -111.52]

----- New trial:     81 -----

Geometry of Structure 81 is added to the population, energy: 0.82360
Structure 81
Values of torsion before: [-36.0, 173.0, -86.0, -128.0] and after local opt: [-58.18, 178.29, -165.97, -96.59]

----- New trial:     82 -----

Geometry of Structure 82 is added to the population, energy: 0.41924
Structure 82
Values of torsion before: [64.01, 23.99, 142.0, -138.0] and after local opt: [88.65, 1.76, 175.64, -157.43]

----- New trial:     83 -----

Geometry of Structure 83 is added to the population, energy: 0.34902
Structure 83
Values of torsion before: [-168.0, -39.0, 52.0, -120.0] and after local opt: [166.81, -1.24, 1.77, -101.17]

----- New trial:     84 -----

Geometry of Structure 84 is invalid.

----- New trial:     85 -----

Geometry of Structure 85 is added to the population, energy: 0.37258
Structure 85
Values of torsion before: [154.0, 151.0, -2.0, -121.0] and after local opt: [164.0, 177.81, 2.25, -101.55]

----- New trial:     86 -----

Geometry of Structure 86 is added to the population, energy: 0.45540
Structure 86
Values of torsion before: [-100.0, -37.0, -170.0, -158.0] and after local opt: [-67.88, -1.05, 178.63, -163.03]

----- New trial:     87 -----

Geometry of Structure 87 is invalid.

----- New trial:     88 -----

Geometry of Structure 88 is added to the population, energy: 0.33838
Structure 88
Values of torsion before: [106.0, -18.0, 8.0, 111.0] and after local opt: [167.25, 0.18, -1.36, 72.82]

----- New trial:     89 -----

Geometry of Structure 89 is invalid.

----- New trial:     90 -----

Geometry of Structure 90 is added to the population, energy: 0.42293
Structure 90
Values of torsion before: [74.0, 150.0, 55.0, 148.0] and after local opt: [94.35, 179.64, -2.99, -142.94]

----- New trial:     91 -----

Geometry of Structure 91 is added to the population, energy: 0.42054
Structure 91
Values of torsion before: [43.01, 11.0, 96.0, -88.0] and after local opt: [95.27, 3.17, 175.15, -156.79]

----- New trial:     92 -----

Geometry of Structure 92 is added to the population, energy: 0.52636
Structure 92
Values of torsion before: [-72.99, 12.99, 121.0, -30.0] and after local opt: [-54.18, -1.56, 178.69, -89.38]

----- New trial:     93 -----

Geometry of Structure 93 is invalid.

----- New trial:     94 -----

Geometry of Structure 94 is added to the population, energy: 0.42258
Structure 94
Values of torsion before: [-9.0, -7.0, 9.0, -132.0] and after local opt: [-66.54, -2.92, -0.56, -164.19]

----- New trial:     95 -----

Geometry of Structure 95 is added to the population, energy: 0.45473
Structure 95
Values of torsion before: [-6.01, 138.0, -161.0, -158.0] and after local opt: [91.43, 19.16, 170.28, -145.69]

----- New trial:     96 -----

Geometry of Structure 96 is added to the population, energy: 0.45596
Structure 96
Values of torsion before: [-41.0, -96.0, -103.0, 119.0] and after local opt: [-68.3, 0.41, 178.77, -162.74]

----- New trial:     97 -----

Geometry of Structure 97 is added to the population, energy: 0.42242
Structure 97
Values of torsion before: [-31.0, 5.0, 23.0, 101.0] and after local opt: [-67.26, -1.1, -1.43, -163.56]

----- New trial:     98 -----

Geometry of Structure 98 is invalid.

----- New trial:     99 -----

Geometry of Structure 99 is added to the population, energy: 0.58481
Structure 99
Values of torsion before: [-56.99, -155.0, -22.0, -88.0] and after local opt: [-61.03, -173.25, -4.03, -57.73]

----- New trial:    100 -----

Geometry of Structure 100 is added to the population, energy: 0.41645
Structure 100
Values of torsion before: [88.0, -143.0, -25.0, 27.0] and after local opt: [90.32, -174.16, 0.3, 60.67]

----- New trial:    101 -----

Geometry of Structure 101 is added to the population, energy: 0.42458
Structure 101
Values of torsion before: [-10.99, -26.01, 33.0, -124.0] and after local opt: [-66.26, -1.88, 2.11, -159.05]

----- New trial:    102 -----

Geometry of Structure 102 is added to the population, energy: 0.36953
Structure 102
Values of torsion before: [-129.0, 108.0, 67.0, 63.0] and after local opt: [165.06, 177.67, -2.09, 74.37]

----- New trial:    103 -----

Geometry of Structure 103 is added to the population, energy: 0.63229
Structure 103
Values of torsion before: [-7.01, -4.0, -116.0, 66.0] and after local opt: [60.51, -0.66, -171.87, 65.94]

----- New trial:    104 -----

Geometry of Structure 104 is invalid.

----- New trial:    105 -----

Geometry of Structure 105 is invalid.

----- New trial:    106 -----

Geometry of Structure 106 is invalid.

----- New trial:    107 -----

Geometry of Structure 107 is added to the population, energy: 0.77756
Structure 107
Values of torsion before: [13.0, 148.0, -135.0, -146.0] and after local opt: [-31.19, 154.94, -176.35, -96.0]

----- New trial:    108 -----

Geometry of Structure 108 is added to the population, energy: 0.34902
Structure 108
Values of torsion before: [-136.0, -78.0, -66.0, -148.0] and after local opt: [166.82, -1.27, 1.94, -100.73]

----- New trial:    109 -----

Geometry of Structure 109 is invalid.

----- New trial:    110 -----

Geometry of Structure 110 is added to the population, energy: 0.33827
Structure 110
Values of torsion before: [105.0, 86.0, -31.0, 50.0] and after local opt: [167.49, -1.24, -1.17, 72.91]

----- New trial:    111 -----

Geometry of Structure 111 is added to the population, energy: 0.47440
Structure 111
Values of torsion before: [71.01, 119.99, 168.0, -68.0] and after local opt: [94.37, -179.6, -177.81, -99.73]

----- New trial:    112 -----

Geometry of Structure 112 is added to the population, energy: 0.41609
Structure 112
Values of torsion before: [36.99, -137.0, 9.0, -67.0] and after local opt: [91.75, -174.16, 0.21, -111.58]

----- New trial:    113 -----

Geometry of Structure 113 is invalid.

----- New trial:    114 -----

Geometry of Structure 114 is added to the population, energy: 0.45533
Structure 114
Values of torsion before: [-81.0, 4.0, -121.0, -147.0] and after local opt: [-67.68, -1.59, 178.67, -163.04]

----- New trial:    115 -----

Geometry of Structure 115 is added to the population, energy: 0.36954
Structure 115
Values of torsion before: [180.0, -165.0, 90.0, 52.0] and after local opt: [165.19, 177.84, -2.25, 74.26]

----- New trial:    116 -----

Geometry of Structure 116 is invalid.

----- New trial:    117 -----

Geometry of Structure 117 is added to the population, energy: 0.37288
Structure 117
Values of torsion before: [23.99, -48.0, -73.0, 149.0] and after local opt: [75.79, 2.84, 0.2, 62.31]

----- New trial:    118 -----

Geometry of Structure 118 is added to the population, energy: 0.39590
Structure 118
Values of torsion before: [-158.0, -69.01, 140.0, -105.0] and after local opt: [166.47, -1.06, -179.04, -95.54]

----- New trial:    119 -----

Geometry of Structure 119 is added to the population, energy: 0.33823
Structure 119
Values of torsion before: [-126.0, -78.0, 55.0, 14.0] and after local opt: [167.52, -1.89, -1.18, 72.75]

----- New trial:    120 -----

Geometry of Structure 120 is added to the population, energy: 0.44208
Structure 120
Values of torsion before: [6.0, 100.0, -102.0, -126.0] and after local opt: [87.88, 1.16, -174.6, -97.6]

----- New trial:    121 -----

Geometry of Structure 121 is added to the population, energy: 0.42007
Structure 121
Values of torsion before: [126.0, 70.0, -104.0, 109.0] and after local opt: [89.32, 0.47, 174.02, -157.11]

----- New trial:    122 -----

Geometry of Structure 122 is invalid.

----- New trial:    123 -----

Geometry of Structure 123 is added to the population, energy: 0.41160
Structure 123
Values of torsion before: [87.0, 73.99, 168.0, -14.0] and after local opt: [149.05, -4.03, -178.98, -95.95]

----- New trial:    124 -----

Geometry of Structure 124 is added to the population, energy: 0.41933
Structure 124
Values of torsion before: [76.0, 75.99, 146.0, 164.0] and after local opt: [89.61, 1.99, 175.41, -157.16]

----- New trial:    125 -----

Geometry of Structure 125 is added to the population, energy: 0.53787
Structure 125
Values of torsion before: [-76.0, 98.0, 133.0, -67.0] and after local opt: [-53.71, -1.17, 178.99, -90.73]

___Initialization of 3D structure completed___

Total number of population (vaid structures):  100

Initial population before sorting:
ID    Energy [eV]
    1             0.440679
    2             0.391829
    3             0.438042
    4             0.415879
    6             0.372667
    7             0.369532
    8             0.369549
    9             0.683730
   10             0.338916
   13             0.370043
   14             0.526358
   15             0.378573
   16             0.396079
   17             0.474451
   18             0.539645
   19             0.437704
   20             0.471984
   21             0.792019
   22             0.604899
   23             0.422457
   24             0.369532
   25             0.414036
   26             0.584544
   27             0.416447
   28             0.466802
   29             0.369631
   30             0.424569
   31             0.372580
   32             0.985471
   33             0.414968
   34             0.546071
   35             0.462218
   36             0.494034
   40             0.582280
   41             0.415441
   42             0.413485
   43             0.578824
   45             0.927866
   47             0.462183
   48             0.351973
   49             0.674862
   50             0.481285
   52             0.683730
   53             0.469989
   55             0.545286
   56             0.412462
   57             0.379254
   58             0.457565
   59             0.473189
   60             0.372580
   61             0.422271
   62             0.545286
   63             0.603615
   64             0.419500
   65             0.442162
   66             0.463415
   67             0.363313
   69             0.420168
   70             0.349523
   71             0.828432
   72             0.468913
   73             0.540681
   75             0.582280
   77             0.440493
   78             0.504372
   79             0.372719
   80             0.416625
   81             0.823597
   82             0.419235
   83             0.349016
   85             0.372580
   86             0.455401
   88             0.338383
   90             0.422926
   91             0.420536
   92             0.526362
   94             0.422583
   95             0.454729
   96             0.455965
   97             0.422418
   99             0.584813
  100             0.416447
  101             0.424578
  102             0.369532
  103             0.632288
  107             0.777557
  108             0.349016
  110             0.338270
  111             0.474399
  112             0.416087
  114             0.455327
  115             0.369545
  117             0.372884
  118             0.395897
  119             0.338231
  120             0.442080
  121             0.420068
  123             0.411599
  124             0.419327
  125             0.537867

Initial population after sorting:
ID    Energy [eV]
    1             0.440679
    2             0.391829
    3             0.438042
    4             0.415879
    6             0.372667
    7             0.369532
    8             0.369549
    9             0.683730
   10             0.338916
   13             0.370043
   14             0.526358
   15             0.378573
   16             0.396079
   17             0.474451
   18             0.539645
   19             0.437704
   20             0.471984
   21             0.792019
   22             0.604899
   23             0.422457
   24             0.369532
   25             0.414036
   26             0.584544
   27             0.416447
   28             0.466802
   29             0.369631
   30             0.424569
   31             0.372580
   32             0.985471
   33             0.414968
   34             0.546071
   35             0.462218
   36             0.494034
   40             0.582280
   41             0.415441
   42             0.413485
   43             0.578824
   45             0.927866
   47             0.462183
   48             0.351973
   49             0.674862
   50             0.481285
   52             0.683730
   53             0.469989
   55             0.545286
   56             0.412462
   57             0.379254
   58             0.457565
   59             0.473189
   60             0.372580
   61             0.422271
   62             0.545286
   63             0.603615
   64             0.419500
   65             0.442162
   66             0.463415
   67             0.363313
   69             0.420168
   70             0.349523
   71             0.828432
   72             0.468913
   73             0.540681
   75             0.582280
   77             0.440493
   78             0.504372
   79             0.372719
   80             0.416625
   81             0.823597
   82             0.419235
   83             0.349016
   85             0.372580
   86             0.455401
   88             0.338383
   90             0.422926
   91             0.420536
   92             0.526362
   94             0.422583
   95             0.454729
   96             0.455965
   97             0.422418
   99             0.584813
  100             0.416447
  101             0.424578
  102             0.369532
  103             0.632288
  107             0.777557
  108             0.349016
  110             0.338270
  111             0.474399
  112             0.416087
  114             0.455327
  115             0.369545
  117             0.372884
  118             0.395897
  119             0.338231
  120             0.442080
  121             0.420068
  123             0.411599
  124             0.419327
  125             0.537867

Finish 3D structure initialization job at  2021-02-23 01:17:12.288746
Wall time of initialization job:                                15.23 sec.
