
Start 3D structure initialization job at  2021-02-23 01:07:18.330144 

Setting a default value for energy_var: 0.001
Setting a default value for selection: roulette_wheel
Setting a default value for fitness_sum_limit: 1.2
Setting a default value for prob_for_crossing: 1.0
Setting a default value for max_iter: 30
Setting a default value for iter_limit_conv: 20
Setting a default value for energy_diff_conv: 0.001
Setting a default value for cnt_max: 500
Setting a default value for xtb_call: xtb
Setting a default value for gfn: 2
Setting a default value for alpb: None
Setting a default value for gauss_exedir: ~/bin/g16
Setting a default value for gauss_scrdir: /data/group1/z43901k/work/laqa/laqa/newcode/examples/initgeom/ala-dip-100_mmff94
Setting a default value for qcmethod: pm6
Setting a default value for solvmethod: None
Setting a default value for solvent: water
Setting a default value for charge: 0
Setting a default value for mult: 1
Setting a default value for nprocs: 1
Setting a default value for memory: 2GB
Setting a default value for printlevel: 0
params:  {'sdf_out': 'initial_structures.sdf', 'popsize': 100, 'cntmax': 300, 'seed': 0, 'optsteps': 100, 'energy_function': 'ff', 'force_field': 'mmff94', 'force_tol': 0.0001, 'energy_tol': 1e-06, 'energy_var': 0.001, 'selection': 'roulette_wheel', 'fitness_sum_limit': 1.2, 'prob_for_crossing': 1.0, 'max_iter': 30, 'iter_limit_conv': 20, 'energy_diff_conv': 0.001, 'cnt_max': 500, 'xtb_call': 'xtb', 'gfn': '2', 'alpb': None, 'gauss_exedir': '~/bin/g16', 'gauss_scrdir': '/data/group1/z43901k/work/laqa/laqa/newcode/examples/initgeom/ala-dip-100_mmff94', 'qcmethod': 'pm6', 'solvmethod': None, 'solvent': 'water', 'charge': 0, 'mult': 1, 'nprocs': 1, 'memory': '2GB', 'printlevel': 0}
Local optimization will be performed with RDKit.
energy_function:  ff
popsize: 100 cnt_max:  500 seed  0
Setting a default value for rmsd_type: cartesian
Setting a default value for distance_cutoff_1: 1.3
Setting a default value for distance_cutoff_2: 2.15
Setting a default value for rmsd_cutoff_uniq: 0.2
Setting a default value for chiral: True
Setting a default value for optimize_torsion: True
Setting a default value for smarts_torsion: [*]~[!$(*#*)&!D1]-&!@[!$(*#*)&!D1]~[*]
SMILES:  CC(=O)N[C@H](C(=O)NC)C
distance_cutoff_1:  1.3
distance_cutoff_2:  2.15
Number of atoms:  22
Number of bonds:  21
Number of identified torsion: 4
Identified  torsion: [(1, 3, 4, 9), (2, 1, 3, 4), (6, 5, 7, 8), (7, 5, 4, 9)]

___Initialization of 3D structures ___


----- New trial:      1 -----

Geometry of Structure 1 is added to the population, energy: -0.57314
Structure 1
Values of torsion before: [18.0, 36.0, -159.0, -47.0] and after local opt: [82.32, -1.67, 178.83, -73.37]

----- New trial:      2 -----

Geometry of Structure 2 is added to the population, energy: -0.69543
Structure 2
Values of torsion before: [82.0, 69.0, 28.0, -24.0] and after local opt: [81.28, -2.62, 4.63, -66.89]

----- New trial:      3 -----

Geometry of Structure 3 is added to the population, energy: -0.58610
Structure 3
Values of torsion before: [65.0, 4.0, 119.0, -68.0] and after local opt: [82.72, 0.2, 163.23, -77.68]

----- New trial:      4 -----

Geometry of Structure 4 is added to the population, energy: -0.41570
Structure 4
Values of torsion before: [79.0, -108.0, -35.0, -108.0] and after local opt: [88.28, 178.76, -2.78, -72.54]

----- New trial:      5 -----

Geometry of Structure 5 is invalid.

----- New trial:      6 -----

Geometry of Structure 6 is added to the population, energy: -0.37134
Structure 6
Values of torsion before: [129.0, -104.0, -21.0, -129.0] and after local opt: [154.08, 165.27, -3.61, -71.01]

----- New trial:      7 -----

Geometry of Structure 7 is added to the population, energy: -0.50976
Structure 7
Values of torsion before: [-142.0, 171.0, -10.0, 62.0] and after local opt: [154.03, 170.74, -8.27, 102.66]

----- New trial:      8 -----

Geometry of Structure 8 is added to the population, energy: -0.50973
Structure 8
Values of torsion before: [106.99, -127.99, 2.0, 43.0] and after local opt: [154.11, 170.4, -8.31, 102.85]

----- New trial:      9 -----

Geometry of Structure 9 is added to the population, energy: -0.09034
Structure 9
Values of torsion before: [-17.99, 133.0, 148.0, -75.0] and after local opt: [-53.99, -175.32, 160.86, -73.91]

----- New trial:     10 -----

Geometry of Structure 10 is added to the population, energy: -0.63609
Structure 10
Values of torsion before: [103.0, 65.0, 47.0, 87.0] and after local opt: [86.05, 6.14, -3.57, 160.56]

----- New trial:     11 -----

Geometry of Structure 11 is invalid.

----- New trial:     12 -----

Geometry of Structure 12 is invalid.

----- New trial:     13 -----

Geometry of Structure 13 is added to the population, energy: -0.46763
Structure 13
Values of torsion before: [-179.0, 134.0, 73.0, -9.0] and after local opt: [160.22, 175.8, 0.85, 95.78]

----- New trial:     14 -----

Geometry of Structure 14 is added to the population, energy: -0.29174
Structure 14
Values of torsion before: [-55.0, -13.0, -147.0, -82.0] and after local opt: [-47.84, 12.04, 171.56, -56.42]

----- New trial:     15 -----

Geometry of Structure 15 is added to the population, energy: -0.68315
Structure 15
Values of torsion before: [111.0, -66.0, -57.0, -107.0] and after local opt: [81.28, -3.63, 4.59, -64.71]

----- New trial:     16 -----

Geometry of Structure 16 is added to the population, energy: -0.58440
Structure 16
Values of torsion before: [99.0, 50.0, -133.0, -138.0] and after local opt: [148.26, -12.16, 164.89, -82.81]

----- New trial:     17 -----

Geometry of Structure 17 is added to the population, energy: -0.68963
Structure 17
Values of torsion before: [-16.01, 81.01, 71.0, -124.0] and after local opt: [81.06, -2.83, 4.48, -67.02]

----- New trial:     18 -----

Geometry of Structure 18 is added to the population, energy: -0.18267
Structure 18
Values of torsion before: [-25.0, 103.0, -30.0, -116.0] and after local opt: [-60.27, 172.1, -5.24, -57.49]

----- New trial:     19 -----

Geometry of Structure 19 is added to the population, energy: -0.58579
Structure 19
Values of torsion before: [101.0, -9.0, 97.0, -75.0] and after local opt: [82.37, -0.51, 162.44, -77.31]

----- New trial:     20 -----

Geometry of Structure 20 is added to the population, energy: -0.32756
Structure 20
Values of torsion before: [129.0, 101.0, 121.0, -32.0] and after local opt: [87.78, -179.17, 164.97, -79.75]

----- New trial:     21 -----

Geometry of Structure 21 is added to the population, energy: -0.12229
Structure 21
Values of torsion before: [48.0, -133.0, 126.0, 18.0] and after local opt: [83.98, 176.2, 155.8, 72.77]

----- New trial:     22 -----

Geometry of Structure 22 is added to the population, energy: -0.20111
Structure 22
Values of torsion before: [-17.0, 115.0, -56.0, -31.0] and after local opt: [-57.13, 177.38, -5.14, -58.52]

----- New trial:     23 -----

Geometry of Structure 23 is added to the population, energy: -0.56137
Structure 23
Values of torsion before: [-85.0, -83.0, -84.0, -163.0] and after local opt: [-61.17, -12.96, 13.13, 155.54]

----- New trial:     24 -----

Geometry of Structure 24 is added to the population, energy: -0.50974
Structure 24
Values of torsion before: [134.0, 157.0, -46.0, 64.0] and after local opt: [154.13, 170.45, -8.28, 102.53]

----- New trial:     25 -----

Geometry of Structure 25 is added to the population, energy: 0.14488
Structure 25
Values of torsion before: [-144.0, -133.99, 168.0, -113.0] and after local opt: [164.3, -105.53, 171.26, -83.5]

----- New trial:     26 -----

Geometry of Structure 26 is added to the population, energy: -0.19147
Structure 26
Values of torsion before: [-102.99, -160.0, -138.0, 179.0] and after local opt: [-59.6, 168.27, -177.84, 179.05]

----- New trial:     27 -----

Geometry of Structure 27 is added to the population, energy: -0.38202
Structure 27
Values of torsion before: [97.0, 170.0, 21.0, 89.0] and after local opt: [77.29, 170.58, 1.24, 83.28]

----- New trial:     28 -----

Geometry of Structure 28 is added to the population, energy: -0.49400
Structure 28
Values of torsion before: [-38.0, 88.0, -59.0, -69.0] and after local opt: [-54.79, 9.55, -8.44, -25.07]

----- New trial:     29 -----

Geometry of Structure 29 is added to the population, energy: -0.51573
Structure 29
Values of torsion before: [168.0, 122.0, 35.0, 117.0] and after local opt: [135.47, 167.45, 8.6, 150.44]

----- New trial:     30 -----

Geometry of Structure 30 is added to the population, energy: -0.56279
Structure 30
Values of torsion before: [-39.0, 51.0, 73.0, 159.0] and after local opt: [-61.04, -13.95, 13.11, 154.98]

----- New trial:     31 -----

Geometry of Structure 31 is added to the population, energy: -0.31736
Structure 31
Values of torsion before: [148.99, 179.0, 3.0, -137.0] and after local opt: [150.28, 163.77, 0.92, -97.46]

----- New trial:     32 -----

Geometry of Structure 32 is added to the population, energy: -0.19147
Structure 32
Values of torsion before: [-13.0, 134.0, -120.0, 70.0] and after local opt: [-59.69, 168.35, -177.83, 178.98]

----- New trial:     33 -----

Geometry of Structure 33 is added to the population, energy: -0.42222
Structure 33
Values of torsion before: [121.0, 143.0, -8.0, -82.0] and after local opt: [87.78, 179.04, 4.93, -70.83]

----- New trial:     34 -----

Geometry of Structure 34 is added to the population, energy: -0.42953
Structure 34
Values of torsion before: [-55.0, -171.0, -41.0, -120.0] and after local opt: [-55.27, 168.88, 8.58, 163.61]

----- New trial:     35 -----

Geometry of Structure 35 is added to the population, energy: -0.20044
Structure 35
Values of torsion before: [-67.0, 10.99, -92.0, -9.0] and after local opt: [-58.1, 8.06, -160.27, 18.88]

----- New trial:     36 -----

Geometry of Structure 36 is added to the population, energy: -0.31237
Structure 36
Values of torsion before: [39.0, -148.0, -128.0, -105.0] and after local opt: [88.29, 179.53, -178.67, -76.5]

----- New trial:     37 -----

Geometry of Structure 37 is invalid.

----- New trial:     38 -----

Geometry of Structure 38 is invalid.

----- New trial:     39 -----

Geometry of Structure 39 is invalid.

----- New trial:     40 -----

Geometry of Structure 40 is added to the population, energy: 0.10694
Structure 40
Values of torsion before: [-83.0, 131.0, 115.0, -118.0] and after local opt: [-50.65, 122.16, 165.49, -131.86]

----- New trial:     41 -----

Geometry of Structure 41 is added to the population, energy: -0.42220
Structure 41
Values of torsion before: [21.0, -133.0, 10.0, -120.0] and after local opt: [87.59, 179.14, 4.94, -70.88]

----- New trial:     42 -----

Geometry of Structure 42 is added to the population, energy: -0.28577
Structure 42
Values of torsion before: [-161.0, 131.0, -168.0, -80.0] and after local opt: [145.8, 161.67, 175.86, -87.27]

----- New trial:     43 -----

Geometry of Structure 43 is added to the population, energy: -0.22049
Structure 43
Values of torsion before: [-85.0, -116.0, 66.0, -72.0] and after local opt: [-57.34, -177.94, 3.69, -57.25]

----- New trial:     44 -----

Geometry of Structure 44 is invalid.

----- New trial:     45 -----

Geometry of Structure 45 is added to the population, energy: -0.31274
Structure 45
Values of torsion before: [37.99, 138.01, -128.0, -46.0] and after local opt: [88.38, -179.83, 176.12, -81.16]

----- New trial:     46 -----

Geometry of Structure 46 is invalid.

----- New trial:     47 -----

Geometry of Structure 47 is added to the population, energy: -0.49401
Structure 47
Values of torsion before: [-25.0, 0.0, 44.0, -87.0] and after local opt: [-55.13, 9.42, -8.04, -23.42]

----- New trial:     48 -----

Geometry of Structure 48 is added to the population, energy: -0.76429
Structure 48
Values of torsion before: [-148.0, 78.01, 60.0, -159.0] and after local opt: [156.7, -1.08, 4.65, -162.96]

----- New trial:     49 -----

Geometry of Structure 49 is added to the population, energy: -0.22081
Structure 49
Values of torsion before: [126.0, -128.0, 179.0, 21.0] and after local opt: [157.82, 175.56, -176.42, 80.9]

----- New trial:     50 -----

Geometry of Structure 50 is added to the population, energy: -0.66680
Structure 50
Values of torsion before: [-77.0, -46.0, 4.0, 61.0] and after local opt: [-58.36, 0.3, -4.56, 54.15]

----- New trial:     51 -----

Geometry of Structure 51 is invalid.

----- New trial:     52 -----

Geometry of Structure 52 is added to the population, energy: -0.09034
Structure 52
Values of torsion before: [-75.0, -150.0, 167.0, -98.0] and after local opt: [-53.99, -175.32, 160.86, -73.91]

----- New trial:     53 -----

Geometry of Structure 53 is added to the population, energy: -0.63148
Structure 53
Values of torsion before: [-97.0, -4.0, 92.0, -51.0] and after local opt: [-60.09, 3.78, -0.73, 48.01]

----- New trial:     54 -----

Geometry of Structure 54 is invalid.

----- New trial:     55 -----

Geometry of Structure 55 is added to the population, energy: -0.43348
Structure 55
Values of torsion before: [-90.0, -173.0, 62.0, 169.0] and after local opt: [-55.84, 170.11, 9.47, 162.85]

----- New trial:     56 -----

Geometry of Structure 56 is added to the population, energy: -0.41817
Structure 56
Values of torsion before: [30.0, 111.99, 81.0, -20.0] and after local opt: [84.41, -177.56, 4.33, -68.17]

----- New trial:     57 -----

Geometry of Structure 57 is added to the population, energy: -0.76235
Structure 57
Values of torsion before: [153.0, 3.0, 19.0, 157.0] and after local opt: [153.69, -0.26, -4.12, 179.15]

----- New trial:     58 -----

Geometry of Structure 58 is added to the population, energy: -0.18807
Structure 58
Values of torsion before: [-51.0, -101.0, 108.0, 174.0] and after local opt: [-62.32, 166.1, -178.42, -179.0]

----- New trial:     59 -----

Geometry of Structure 59 is added to the population, energy: -0.24790
Structure 59
Values of torsion before: [-173.0, 55.0, -139.0, -8.0] and after local opt: [164.64, 8.4, -177.24, 82.87]

----- New trial:     60 -----

Geometry of Structure 60 is added to the population, energy: -0.38048
Structure 60
Values of torsion before: [-156.0, 99.0, -36.0, -110.0] and after local opt: [141.18, 161.95, 5.29, -73.9]

----- New trial:     61 -----

Geometry of Structure 61 is added to the population, energy: -0.56267
Structure 61
Values of torsion before: [-56.99, 66.99, 1.0, 133.0] and after local opt: [-60.99, -14.25, 13.11, 154.83]

----- New trial:     62 -----

Geometry of Structure 62 is added to the population, energy: -0.43348
Structure 62
Values of torsion before: [-32.0, 165.0, 4.0, 123.0] and after local opt: [-55.82, 170.09, 9.49, 162.84]

----- New trial:     63 -----

Geometry of Structure 63 is added to the population, energy: -0.12206
Structure 63
Values of torsion before: [145.0, 138.0, -112.0, -21.0] and after local opt: [149.17, 165.43, -175.58, 55.95]

----- New trial:     64 -----

Geometry of Structure 64 is added to the population, energy: -0.48881
Structure 64
Values of torsion before: [18.99, 33.0, 154.0, -138.0] and after local opt: [135.65, -6.51, 164.87, -144.83]

----- New trial:     65 -----

Geometry of Structure 65 is added to the population, energy: -0.50191
Structure 65
Values of torsion before: [-179.0, 125.0, -81.0, 178.0] and after local opt: [134.42, 164.99, -1.16, 140.47]

----- New trial:     66 -----

Geometry of Structure 66 is added to the population, energy: -0.41529
Structure 66
Values of torsion before: [-8.0, -98.0, -57.0, -65.0] and after local opt: [87.51, 179.1, -2.8, -73.06]

----- New trial:     67 -----

Geometry of Structure 67 is added to the population, energy: -0.76160
Structure 67
Values of torsion before: [147.0, 49.99, 14.0, 165.0] and after local opt: [153.61, -0.66, -4.18, -179.94]

----- New trial:     68 -----

Geometry of Structure 68 is invalid.

----- New trial:     69 -----

Geometry of Structure 69 is added to the population, energy: -0.51573
Structure 69
Values of torsion before: [-180.0, 110.99, 35.0, 160.0] and after local opt: [135.48, 167.45, 8.61, 150.45]

----- New trial:     70 -----

Geometry of Structure 70 is added to the population, energy: -0.30408
Structure 70
Values of torsion before: [-156.0, -94.99, 49.0, -147.0] and after local opt: [161.69, 177.64, 1.29, -71.74]

----- New trial:     71 -----

Geometry of Structure 71 is added to the population, energy: -0.16784
Structure 71
Values of torsion before: [-47.0, -180.0, -99.0, 49.0] and after local opt: [-60.9, 167.88, -167.7, -179.2]

----- New trial:     72 -----

Geometry of Structure 72 is added to the population, energy: -0.24222
Structure 72
Values of torsion before: [91.0, 70.0, 108.0, 130.0] and after local opt: [158.57, 3.37, -176.83, 84.21]

----- New trial:     73 -----

Geometry of Structure 73 is added to the population, energy: -0.50105
Structure 73
Values of torsion before: [-179.0, -160.0, 74.0, -13.0] and after local opt: [151.49, 171.84, -5.72, 107.85]

----- New trial:     74 -----

Geometry of Structure 74 is invalid.

----- New trial:     75 -----

Geometry of Structure 75 is added to the population, energy: -0.19031
Structure 75
Values of torsion before: [-83.0, 101.0, 145.0, -137.0] and after local opt: [-65.26, 160.44, -179.89, -177.63]

----- New trial:     76 -----

Geometry of Structure 76 is invalid.

----- New trial:     77 -----

Geometry of Structure 77 is added to the population, energy: -0.58607
Structure 77
Values of torsion before: [33.99, -17.99, -178.0, -70.0] and after local opt: [82.78, 0.09, 163.4, -78.03]

----- New trial:     78 -----

Geometry of Structure 78 is added to the population, energy: -0.22171
Structure 78
Values of torsion before: [-172.0, -178.01, 166.0, 91.0] and after local opt: [157.94, 175.66, -176.05, 80.62]

----- New trial:     79 -----

Geometry of Structure 79 is added to the population, energy: -0.33693
Structure 79
Values of torsion before: [134.0, -129.0, -82.0, -119.0] and after local opt: [135.99, 164.97, 2.82, -152.68]

----- New trial:     80 -----

Geometry of Structure 80 is added to the population, energy: -0.41570
Structure 80
Values of torsion before: [132.0, 153.0, -78.0, -25.0] and after local opt: [88.26, 178.82, -2.81, -72.45]

----- New trial:     81 -----

Geometry of Structure 81 is added to the population, energy: -0.43332
Structure 81
Values of torsion before: [-36.0, 173.0, -86.0, -128.0] and after local opt: [-55.61, 169.06, 9.51, 163.13]

----- New trial:     82 -----

Geometry of Structure 82 is added to the population, energy: -0.52432
Structure 82
Values of torsion before: [64.01, 23.99, 142.0, -138.0] and after local opt: [150.19, -10.11, 162.53, -113.54]

----- New trial:     83 -----

Geometry of Structure 83 is added to the population, energy: -0.68380
Structure 83
Values of torsion before: [-168.0, -39.0, 52.0, -120.0] and after local opt: [147.53, -10.81, 7.35, -80.92]

----- New trial:     84 -----

Geometry of Structure 84 is invalid.

----- New trial:     85 -----

Geometry of Structure 85 is added to the population, energy: -0.42038
Structure 85
Values of torsion before: [154.0, 151.0, -2.0, -121.0] and after local opt: [90.12, 176.91, 4.6, -70.72]

----- New trial:     86 -----

Geometry of Structure 86 is added to the population, energy: -0.26793
Structure 86
Values of torsion before: [-100.0, -37.0, -170.0, -158.0] and after local opt: [-65.15, -9.14, -176.67, 174.68]

----- New trial:     87 -----

Geometry of Structure 87 is invalid.

----- New trial:     88 -----

Geometry of Structure 88 is added to the population, energy: -0.63607
Structure 88
Values of torsion before: [106.0, -18.0, 8.0, 111.0] and after local opt: [85.72, 6.21, -3.44, 160.46]

----- New trial:     89 -----

Geometry of Structure 89 is invalid.

----- New trial:     90 -----

Geometry of Structure 90 is added to the population, energy: -0.51506
Structure 90
Values of torsion before: [74.0, 150.0, 55.0, 148.0] and after local opt: [91.0, -172.96, 8.77, 159.93]

----- New trial:     91 -----

Geometry of Structure 91 is added to the population, energy: -0.58611
Structure 91
Values of torsion before: [43.01, 11.0, 96.0, -88.0] and after local opt: [82.85, 0.09, 163.42, -77.91]

----- New trial:     92 -----

Geometry of Structure 92 is added to the population, energy: -0.28964
Structure 92
Values of torsion before: [-72.99, 12.99, 121.0, -30.0] and after local opt: [-48.31, 11.67, 171.94, -54.94]

----- New trial:     93 -----

Geometry of Structure 93 is invalid.

----- New trial:     94 -----

Geometry of Structure 94 is added to the population, energy: -0.48161
Structure 94
Values of torsion before: [-9.0, -7.0, 9.0, -132.0] and after local opt: [-50.67, 10.57, -8.19, -36.7]

----- New trial:     95 -----

Geometry of Structure 95 is added to the population, energy: -0.19144
Structure 95
Values of torsion before: [-6.01, 138.0, -161.0, -158.0] and after local opt: [-59.48, 168.64, -177.82, 178.99]

----- New trial:     96 -----

Geometry of Structure 96 is added to the population, energy: -0.10419
Structure 96
Values of torsion before: [-41.0, -96.0, -103.0, 119.0] and after local opt: [-57.14, -177.56, -166.3, -163.73]

----- New trial:     97 -----

Geometry of Structure 97 is added to the population, energy: -0.65590
Structure 97
Values of torsion before: [-31.0, 5.0, 23.0, 101.0] and after local opt: [-54.13, -2.86, 2.8, 78.71]

----- New trial:     98 -----

Geometry of Structure 98 is invalid.

----- New trial:     99 -----

Geometry of Structure 99 is added to the population, energy: -0.22049
Structure 99
Values of torsion before: [-56.99, -155.0, -22.0, -88.0] and after local opt: [-57.35, -177.95, 3.69, -57.22]

----- New trial:    100 -----

Geometry of Structure 100 is added to the population, energy: -0.37405
Structure 100
Values of torsion before: [88.0, -143.0, -25.0, 27.0] and after local opt: [78.12, 168.36, 1.52, 81.69]

----- New trial:    101 -----

Geometry of Structure 101 is added to the population, energy: -0.49406
Structure 101
Values of torsion before: [-10.99, -26.01, 33.0, -124.0] and after local opt: [-54.59, 9.59, -8.46, -26.26]

----- New trial:    102 -----

Geometry of Structure 102 is added to the population, energy: -0.50618
Structure 102
Values of torsion before: [-129.0, 108.0, 67.0, 63.0] and after local opt: [151.51, 168.17, -6.13, 111.91]

----- New trial:    103 -----

Geometry of Structure 103 is added to the population, energy: -0.16336
Structure 103
Values of torsion before: [-7.01, -4.0, -116.0, 66.0] and after local opt: [-37.3, 3.12, -160.08, 58.63]

----- New trial:    104 -----

Geometry of Structure 104 is invalid.

----- New trial:    105 -----

Geometry of Structure 105 is invalid.

----- New trial:    106 -----

Geometry of Structure 106 is invalid.

----- New trial:    107 -----

Geometry of Structure 107 is added to the population, energy: -0.29126
Structure 107
Values of torsion before: [13.0, 148.0, -135.0, -146.0] and after local opt: [86.08, -172.72, -169.94, 175.17]

----- New trial:    108 -----

Geometry of Structure 108 is added to the population, energy: -0.76026
Structure 108
Values of torsion before: [-136.0, -78.0, -66.0, -148.0] and after local opt: [157.63, -3.54, 4.19, -160.26]

----- New trial:    109 -----

Geometry of Structure 109 is invalid.

----- New trial:    110 -----

Geometry of Structure 110 is added to the population, energy: -0.35485
Structure 110
Values of torsion before: [105.0, 86.0, -31.0, 50.0] and after local opt: [76.84, 169.21, -4.24, 78.98]

----- New trial:    111 -----

Geometry of Structure 111 is added to the population, energy: -0.32756
Structure 111
Values of torsion before: [71.01, 119.99, 168.0, -68.0] and after local opt: [87.78, -179.17, 164.97, -79.76]

----- New trial:    112 -----

Geometry of Structure 112 is added to the population, energy: -0.42222
Structure 112
Values of torsion before: [36.99, -137.0, 9.0, -67.0] and after local opt: [87.78, 179.04, 4.93, -70.83]

----- New trial:    113 -----

Geometry of Structure 113 is invalid.

----- New trial:    114 -----

Geometry of Structure 114 is added to the population, energy: -0.26480
Structure 114
Values of torsion before: [-81.0, 4.0, -121.0, -147.0] and after local opt: [-65.31, -11.04, -177.52, 174.56]

----- New trial:    115 -----

Geometry of Structure 115 is added to the population, energy: -0.50939
Structure 115
Values of torsion before: [180.0, -165.0, 90.0, 52.0] and after local opt: [153.44, 169.54, -7.82, 104.29]

----- New trial:    116 -----

Geometry of Structure 116 is invalid.

----- New trial:    117 -----

Geometry of Structure 117 is added to the population, energy: -0.53111
Structure 117
Values of torsion before: [23.99, -48.0, -73.0, 149.0] and after local opt: [72.4, -7.23, 3.11, 84.29]

----- New trial:    118 -----

Geometry of Structure 118 is added to the population, energy: -0.58934
Structure 118
Values of torsion before: [-158.0, -69.01, 140.0, -105.0] and after local opt: [149.3, -10.4, 164.24, -83.13]

----- New trial:    119 -----

Geometry of Structure 119 is added to the population, energy: -0.56021
Structure 119
Values of torsion before: [-126.0, -78.0, 55.0, 14.0] and after local opt: [155.04, 8.59, -10.55, 110.56]

----- New trial:    120 -----

Geometry of Structure 120 is added to the population, energy: -0.57254
Structure 120
Values of torsion before: [6.0, 100.0, -102.0, -126.0] and after local opt: [83.64, -1.68, 179.39, -73.79]

----- New trial:    121 -----

Geometry of Structure 121 is added to the population, energy: -0.46455
Structure 121
Values of torsion before: [126.0, 70.0, -104.0, 109.0] and after local opt: [105.07, 2.52, 173.86, -160.75]

----- New trial:    122 -----

Geometry of Structure 122 is invalid.

----- New trial:    123 -----

Geometry of Structure 123 is added to the population, energy: -0.57258
Structure 123
Values of torsion before: [87.0, 73.99, 168.0, -14.0] and after local opt: [81.48, -2.13, 179.01, -73.84]

----- New trial:    124 -----

Geometry of Structure 124 is added to the population, energy: -0.47970
Structure 124
Values of torsion before: [76.0, 75.99, 146.0, 164.0] and after local opt: [132.84, -7.48, 175.55, -149.38]

----- New trial:    125 -----

Geometry of Structure 125 is added to the population, energy: -0.05046
Structure 125
Values of torsion before: [-76.0, 98.0, 133.0, -67.0] and after local opt: [-60.73, 169.97, 158.74, -71.3]

___Initialization of 3D structure completed___

Total number of population (vaid structures):  100

Initial population before sorting:
ID    Energy [eV]
    1            -0.573139
    2            -0.695430
    3            -0.586096
    4            -0.415701
    6            -0.371340
    7            -0.509758
    8            -0.509732
    9            -0.090340
   10            -0.636086
   13            -0.467634
   14            -0.291745
   15            -0.683154
   16            -0.584405
   17            -0.689628
   18            -0.182667
   19            -0.585793
   20            -0.327559
   21            -0.122287
   22            -0.201105
   23            -0.561366
   24            -0.509741
   25             0.144875
   26            -0.191474
   27            -0.382025
   28            -0.494004
   29            -0.515729
   30            -0.562792
   31            -0.317356
   32            -0.191474
   33            -0.422219
   34            -0.429534
   35            -0.200442
   36            -0.312373
   40             0.106940
   41            -0.422197
   42            -0.285769
   43            -0.220493
   45            -0.312742
   47            -0.494008
   48            -0.764292
   49            -0.220806
   50            -0.666801
   52            -0.090340
   53            -0.631477
   55            -0.433476
   56            -0.418169
   57            -0.762345
   58            -0.188066
   59            -0.247904
   60            -0.380481
   61            -0.562667
   62            -0.433476
   63            -0.122057
   64            -0.488809
   65            -0.501913
   66            -0.415289
   67            -0.761595
   69            -0.515729
   70            -0.304082
   71            -0.167841
   72            -0.242219
   73            -0.501050
   75            -0.190312
   77            -0.586066
   78            -0.221712
   79            -0.336935
   80            -0.415701
   81            -0.433320
   82            -0.524324
   83            -0.683804
   85            -0.420376
   86            -0.267925
   88            -0.636069
   90            -0.515057
   91            -0.586114
   92            -0.289637
   94            -0.481606
   95            -0.191435
   96            -0.104191
   97            -0.655904
   99            -0.220493
  100            -0.374050
  101            -0.494056
  102            -0.506180
  103            -0.163357
  107            -0.291264
  108            -0.760255
  110            -0.354853
  111            -0.327559
  112            -0.422219
  114            -0.264803
  115            -0.509389
  117            -0.531115
  118            -0.589340
  119            -0.560208
  120            -0.572545
  121            -0.464551
  123            -0.572580
  124            -0.479698
  125            -0.050463

Initial population after sorting:
ID    Energy [eV]
    1            -0.573139
    2            -0.695430
    3            -0.586096
    4            -0.415701
    6            -0.371340
    7            -0.509758
    8            -0.509732
    9            -0.090340
   10            -0.636086
   13            -0.467634
   14            -0.291745
   15            -0.683154
   16            -0.584405
   17            -0.689628
   18            -0.182667
   19            -0.585793
   20            -0.327559
   21            -0.122287
   22            -0.201105
   23            -0.561366
   24            -0.509741
   25             0.144875
   26            -0.191474
   27            -0.382025
   28            -0.494004
   29            -0.515729
   30            -0.562792
   31            -0.317356
   32            -0.191474
   33            -0.422219
   34            -0.429534
   35            -0.200442
   36            -0.312373
   40             0.106940
   41            -0.422197
   42            -0.285769
   43            -0.220493
   45            -0.312742
   47            -0.494008
   48            -0.764292
   49            -0.220806
   50            -0.666801
   52            -0.090340
   53            -0.631477
   55            -0.433476
   56            -0.418169
   57            -0.762345
   58            -0.188066
   59            -0.247904
   60            -0.380481
   61            -0.562667
   62            -0.433476
   63            -0.122057
   64            -0.488809
   65            -0.501913
   66            -0.415289
   67            -0.761595
   69            -0.515729
   70            -0.304082
   71            -0.167841
   72            -0.242219
   73            -0.501050
   75            -0.190312
   77            -0.586066
   78            -0.221712
   79            -0.336935
   80            -0.415701
   81            -0.433320
   82            -0.524324
   83            -0.683804
   85            -0.420376
   86            -0.267925
   88            -0.636069
   90            -0.515057
   91            -0.586114
   92            -0.289637
   94            -0.481606
   95            -0.191435
   96            -0.104191
   97            -0.655904
   99            -0.220493
  100            -0.374050
  101            -0.494056
  102            -0.506180
  103            -0.163357
  107            -0.291264
  108            -0.760255
  110            -0.354853
  111            -0.327559
  112            -0.422219
  114            -0.264803
  115            -0.509389
  117            -0.531115
  118            -0.589340
  119            -0.560208
  120            -0.572545
  121            -0.464551
  123            -0.572580
  124            -0.479698
  125            -0.050463

Finish 3D structure initialization job at  2021-02-23 01:07:33.922692
Wall time of initialization job:                                15.59 sec.
